Classic Timing Analyzer report for exam3
Wed Feb 01 09:57:58 2023
Quartus II Version 9.0 Build 235 06/17/2009 Service Pack 2 SJ Web Edition


---------------------
; Table of Contents ;
---------------------
  1. Legal Notice
  2. Timing Analyzer Summary
  3. Timing Analyzer Settings
  4. Clock Settings Summary
  5. Parallel Compilation
  6. Clock Setup: 'clk'
  7. tco
  8. Timing Analyzer Messages



----------------
; Legal Notice ;
----------------
Copyright (C) 1991-2009 Altera Corporation
Your use of Altera Corporation's design tools, logic functions 
and other software and tools, and its AMPP partner logic 
functions, and any output files from any of the foregoing 
(including device programming or simulation files), and any 
associated documentation or information are expressly subject 
to the terms and conditions of the Altera Program License 
Subscription Agreement, Altera MegaCore Function License 
Agreement, or other applicable license agreement, including, 
without limitation, that your use is for the sole purpose of 
programming logic devices manufactured by Altera and sold by 
Altera or its authorized distributors.  Please refer to the 
applicable agreement for further details.



+-------------------------------------------------------------------------------------------------------------------------------------------------------------+
; Timing Analyzer Summary                                                                                                                                     ;
+------------------------------+-------+---------------+----------------------------------+--------------+-------------+------------+----------+--------------+
; Type                         ; Slack ; Required Time ; Actual Time                      ; From         ; To          ; From Clock ; To Clock ; Failed Paths ;
+------------------------------+-------+---------------+----------------------------------+--------------+-------------+------------+----------+--------------+
; Worst-case tco               ; N/A   ; None          ; 12.415 ns                        ; cnt_scan[15] ; en[1]       ; clk        ; --       ; 0            ;
; Clock Setup: 'clk'           ; N/A   ; None          ; 201.09 MHz ( period = 4.973 ns ) ; cnt_scan[3]  ; cnt_scan[8] ; clk        ; clk      ; 0            ;
; Total number of failed paths ;       ;               ;                                  ;              ;             ;            ;          ; 0            ;
+------------------------------+-------+---------------+----------------------------------+--------------+-------------+------------+----------+--------------+


+--------------------------------------------------------------------------------------------------------------------+
; Timing Analyzer Settings                                                                                           ;
+---------------------------------------------------------------------+--------------------+------+----+-------------+
; Option                                                              ; Setting            ; From ; To ; Entity Name ;
+---------------------------------------------------------------------+--------------------+------+----+-------------+
; Device Name                                                         ; EPM1270T144C5      ;      ;    ;             ;
; Timing Models                                                       ; Final              ;      ;    ;             ;
; Default hold multicycle                                             ; Same as Multicycle ;      ;    ;             ;
; Cut paths between unrelated clock domains                           ; On                 ;      ;    ;             ;
; Cut off read during write signal paths                              ; On                 ;      ;    ;             ;
; Cut off feedback from I/O pins                                      ; On                 ;      ;    ;             ;
; Report Combined Fast/Slow Timing                                    ; Off                ;      ;    ;             ;
; Ignore Clock Settings                                               ; Off                ;      ;    ;             ;
; Analyze latches as synchronous elements                             ; On                 ;      ;    ;             ;
; Enable Recovery/Removal analysis                                    ; Off                ;      ;    ;             ;
; Enable Clock Latency                                                ; Off                ;      ;    ;             ;
; Use TimeQuest Timing Analyzer                                       ; Off                ;      ;    ;             ;
; Minimum Core Junction Temperature                                   ; 0                  ;      ;    ;             ;
; Maximum Core Junction Temperature                                   ; 85                 ;      ;    ;             ;
; Number of source nodes to report per destination node               ; 10                 ;      ;    ;             ;
; Number of destination nodes to report                               ; 10                 ;      ;    ;             ;
; Number of paths to report                                           ; 200                ;      ;    ;             ;
; Report Minimum Timing Checks                                        ; Off                ;      ;    ;             ;
; Use Fast Timing Models                                              ; Off                ;      ;    ;             ;
; Report IO Paths Separately                                          ; Off                ;      ;    ;             ;
; Perform Multicorner Analysis                                        ; Off                ;      ;    ;             ;
; Reports the worst-case path for each clock domain and analysis      ; Off                ;      ;    ;             ;
; Removes common clock path pessimism (CCPP) during slack computation ; Off                ;      ;    ;             ;
; Output I/O Timing Endpoint                                          ; Near End           ;      ;    ;             ;
+---------------------------------------------------------------------+--------------------+------+----+-------------+


+------------------------------------------------------------------------------------------------------------------------------------------------------------------------------------+
; Clock Settings Summary                                                                                                                                                             ;
+-----------------+--------------------+----------+------------------+---------------+--------------+----------+-----------------------+---------------------+--------+--------------+
; Clock Node Name ; Clock Setting Name ; Type     ; Fmax Requirement ; Early Latency ; Late Latency ; Based on ; Multiply Base Fmax by ; Divide Base Fmax by ; Offset ; Phase offset ;
+-----------------+--------------------+----------+------------------+---------------+--------------+----------+-----------------------+---------------------+--------+--------------+
; clk             ;                    ; User Pin ; None             ; 0.000 ns      ; 0.000 ns     ; --       ; N/A                   ; N/A                 ; N/A    ;              ;
+-----------------+--------------------+----------+------------------+---------------+--------------+----------+-----------------------+---------------------+--------+--------------+


+------------------------------------------+
; Parallel Compilation                     ;
+----------------------------+-------------+
; Processors                 ; Number      ;
+----------------------------+-------------+
; Number detected on machine ; 8           ;
; Maximum allowed            ; 4           ;
;                            ;             ;
; Average used               ; 1.00        ;
; Maximum used               ; 1           ;
;                            ;             ;
; Usage by Processor         ; % Time Used ;
;     1 processor            ; 100.0%      ;
;     2-8 processors         ;   0.0%      ;
+----------------------------+-------------+


+--------------------------------------------------------------------------------------------------------------------------------------------------------------------------------------------------+
; Clock Setup: 'clk'                                                                                                                                                                               ;
+-------+------------------------------------------------+--------------+--------------+------------+----------+-----------------------------+---------------------------+-------------------------+
; Slack ; Actual fmax (period)                           ; From         ; To           ; From Clock ; To Clock ; Required Setup Relationship ; Required Longest P2P Time ; Actual Longest P2P Time ;
+-------+------------------------------------------------+--------------+--------------+------------+----------+-----------------------------+---------------------------+-------------------------+
; N/A   ; 201.09 MHz ( period = 4.973 ns )               ; cnt_scan[3]  ; cnt_scan[12] ; clk        ; clk      ; None                        ; None                      ; 4.264 ns                ;
; N/A   ; 201.09 MHz ( period = 4.973 ns )               ; cnt_scan[3]  ; cnt_scan[11] ; clk        ; clk      ; None                        ; None                      ; 4.264 ns                ;
; N/A   ; 201.09 MHz ( period = 4.973 ns )               ; cnt_scan[3]  ; cnt_scan[10] ; clk        ; clk      ; None                        ; None                      ; 4.264 ns                ;
; N/A   ; 201.09 MHz ( period = 4.973 ns )               ; cnt_scan[3]  ; cnt_scan[9]  ; clk        ; clk      ; None                        ; None                      ; 4.264 ns                ;
; N/A   ; 201.09 MHz ( period = 4.973 ns )               ; cnt_scan[3]  ; cnt_scan[8]  ; clk        ; clk      ; None                        ; None                      ; 4.264 ns                ;
; N/A   ; 201.61 MHz ( period = 4.960 ns )               ; cnt_scan[3]  ; cnt_scan[15] ; clk        ; clk      ; None                        ; None                      ; 4.251 ns                ;
; N/A   ; 201.61 MHz ( period = 4.960 ns )               ; cnt_scan[3]  ; cnt_scan[13] ; clk        ; clk      ; None                        ; None                      ; 4.251 ns                ;
; N/A   ; 201.61 MHz ( period = 4.960 ns )               ; cnt_scan[3]  ; cnt_scan[14] ; clk        ; clk      ; None                        ; None                      ; 4.251 ns                ;
; N/A   ; 206.14 MHz ( period = 4.851 ns )               ; cnt_scan[4]  ; cnt_scan[12] ; clk        ; clk      ; None                        ; None                      ; 4.142 ns                ;
; N/A   ; 206.14 MHz ( period = 4.851 ns )               ; cnt_scan[4]  ; cnt_scan[11] ; clk        ; clk      ; None                        ; None                      ; 4.142 ns                ;
; N/A   ; 206.14 MHz ( period = 4.851 ns )               ; cnt_scan[4]  ; cnt_scan[10] ; clk        ; clk      ; None                        ; None                      ; 4.142 ns                ;
; N/A   ; 206.14 MHz ( period = 4.851 ns )               ; cnt_scan[4]  ; cnt_scan[9]  ; clk        ; clk      ; None                        ; None                      ; 4.142 ns                ;
; N/A   ; 206.14 MHz ( period = 4.851 ns )               ; cnt_scan[4]  ; cnt_scan[8]  ; clk        ; clk      ; None                        ; None                      ; 4.142 ns                ;
; N/A   ; 206.70 MHz ( period = 4.838 ns )               ; cnt_scan[4]  ; cnt_scan[15] ; clk        ; clk      ; None                        ; None                      ; 4.129 ns                ;
; N/A   ; 206.70 MHz ( period = 4.838 ns )               ; cnt_scan[4]  ; cnt_scan[13] ; clk        ; clk      ; None                        ; None                      ; 4.129 ns                ;
; N/A   ; 206.70 MHz ( period = 4.838 ns )               ; cnt_scan[4]  ; cnt_scan[14] ; clk        ; clk      ; None                        ; None                      ; 4.129 ns                ;
; N/A   ; 208.07 MHz ( period = 4.806 ns )               ; cnt_scan[1]  ; cnt_scan[12] ; clk        ; clk      ; None                        ; None                      ; 4.097 ns                ;
; N/A   ; 208.07 MHz ( period = 4.806 ns )               ; cnt_scan[1]  ; cnt_scan[11] ; clk        ; clk      ; None                        ; None                      ; 4.097 ns                ;
; N/A   ; 208.07 MHz ( period = 4.806 ns )               ; cnt_scan[1]  ; cnt_scan[10] ; clk        ; clk      ; None                        ; None                      ; 4.097 ns                ;
; N/A   ; 208.07 MHz ( period = 4.806 ns )               ; cnt_scan[1]  ; cnt_scan[9]  ; clk        ; clk      ; None                        ; None                      ; 4.097 ns                ;
; N/A   ; 208.07 MHz ( period = 4.806 ns )               ; cnt_scan[1]  ; cnt_scan[8]  ; clk        ; clk      ; None                        ; None                      ; 4.097 ns                ;
; N/A   ; 208.64 MHz ( period = 4.793 ns )               ; cnt_scan[1]  ; cnt_scan[15] ; clk        ; clk      ; None                        ; None                      ; 4.084 ns                ;
; N/A   ; 208.64 MHz ( period = 4.793 ns )               ; cnt_scan[1]  ; cnt_scan[13] ; clk        ; clk      ; None                        ; None                      ; 4.084 ns                ;
; N/A   ; 208.64 MHz ( period = 4.793 ns )               ; cnt_scan[1]  ; cnt_scan[14] ; clk        ; clk      ; None                        ; None                      ; 4.084 ns                ;
; N/A   ; 214.87 MHz ( period = 4.654 ns )               ; cnt_scan[2]  ; cnt_scan[12] ; clk        ; clk      ; None                        ; None                      ; 3.945 ns                ;
; N/A   ; 214.87 MHz ( period = 4.654 ns )               ; cnt_scan[2]  ; cnt_scan[11] ; clk        ; clk      ; None                        ; None                      ; 3.945 ns                ;
; N/A   ; 214.87 MHz ( period = 4.654 ns )               ; cnt_scan[2]  ; cnt_scan[10] ; clk        ; clk      ; None                        ; None                      ; 3.945 ns                ;
; N/A   ; 214.87 MHz ( period = 4.654 ns )               ; cnt_scan[2]  ; cnt_scan[9]  ; clk        ; clk      ; None                        ; None                      ; 3.945 ns                ;
; N/A   ; 214.87 MHz ( period = 4.654 ns )               ; cnt_scan[2]  ; cnt_scan[8]  ; clk        ; clk      ; None                        ; None                      ; 3.945 ns                ;
; N/A   ; 215.47 MHz ( period = 4.641 ns )               ; cnt_scan[2]  ; cnt_scan[15] ; clk        ; clk      ; None                        ; None                      ; 3.932 ns                ;
; N/A   ; 215.47 MHz ( period = 4.641 ns )               ; cnt_scan[2]  ; cnt_scan[13] ; clk        ; clk      ; None                        ; None                      ; 3.932 ns                ;
; N/A   ; 215.47 MHz ( period = 4.641 ns )               ; cnt_scan[2]  ; cnt_scan[14] ; clk        ; clk      ; None                        ; None                      ; 3.932 ns                ;
; N/A   ; 216.68 MHz ( period = 4.615 ns )               ; cnt_scan[0]  ; cnt_scan[12] ; clk        ; clk      ; None                        ; None                      ; 3.906 ns                ;
; N/A   ; 216.68 MHz ( period = 4.615 ns )               ; cnt_scan[0]  ; cnt_scan[11] ; clk        ; clk      ; None                        ; None                      ; 3.906 ns                ;
; N/A   ; 216.68 MHz ( period = 4.615 ns )               ; cnt_scan[0]  ; cnt_scan[10] ; clk        ; clk      ; None                        ; None                      ; 3.906 ns                ;
; N/A   ; 216.68 MHz ( period = 4.615 ns )               ; cnt_scan[0]  ; cnt_scan[9]  ; clk        ; clk      ; None                        ; None                      ; 3.906 ns                ;
; N/A   ; 216.68 MHz ( period = 4.615 ns )               ; cnt_scan[0]  ; cnt_scan[8]  ; clk        ; clk      ; None                        ; None                      ; 3.906 ns                ;
; N/A   ; 217.30 MHz ( period = 4.602 ns )               ; cnt_scan[0]  ; cnt_scan[15] ; clk        ; clk      ; None                        ; None                      ; 3.893 ns                ;
; N/A   ; 217.30 MHz ( period = 4.602 ns )               ; cnt_scan[0]  ; cnt_scan[13] ; clk        ; clk      ; None                        ; None                      ; 3.893 ns                ;
; N/A   ; 217.30 MHz ( period = 4.602 ns )               ; cnt_scan[0]  ; cnt_scan[14] ; clk        ; clk      ; None                        ; None                      ; 3.893 ns                ;
; N/A   ; 217.63 MHz ( period = 4.595 ns )               ; cnt_scan[6]  ; cnt_scan[12] ; clk        ; clk      ; None                        ; None                      ; 3.886 ns                ;
; N/A   ; 217.63 MHz ( period = 4.595 ns )               ; cnt_scan[6]  ; cnt_scan[11] ; clk        ; clk      ; None                        ; None                      ; 3.886 ns                ;
; N/A   ; 217.63 MHz ( period = 4.595 ns )               ; cnt_scan[6]  ; cnt_scan[10] ; clk        ; clk      ; None                        ; None                      ; 3.886 ns                ;
; N/A   ; 217.63 MHz ( period = 4.595 ns )               ; cnt_scan[6]  ; cnt_scan[9]  ; clk        ; clk      ; None                        ; None                      ; 3.886 ns                ;
; N/A   ; 217.63 MHz ( period = 4.595 ns )               ; cnt_scan[6]  ; cnt_scan[8]  ; clk        ; clk      ; None                        ; None                      ; 3.886 ns                ;
; N/A   ; 218.25 MHz ( period = 4.582 ns )               ; cnt_scan[6]  ; cnt_scan[15] ; clk        ; clk      ; None                        ; None                      ; 3.873 ns                ;
; N/A   ; 218.25 MHz ( period = 4.582 ns )               ; cnt_scan[6]  ; cnt_scan[13] ; clk        ; clk      ; None                        ; None                      ; 3.873 ns                ;
; N/A   ; 218.25 MHz ( period = 4.582 ns )               ; cnt_scan[6]  ; cnt_scan[14] ; clk        ; clk      ; None                        ; None                      ; 3.873 ns                ;
; N/A   ; 222.42 MHz ( period = 4.496 ns )               ; cnt_scan[5]  ; cnt_scan[12] ; clk        ; clk      ; None                        ; None                      ; 3.787 ns                ;
; N/A   ; 222.42 MHz ( period = 4.496 ns )               ; cnt_scan[5]  ; cnt_scan[11] ; clk        ; clk      ; None                        ; None                      ; 3.787 ns                ;
; N/A   ; 222.42 MHz ( period = 4.496 ns )               ; cnt_scan[5]  ; cnt_scan[10] ; clk        ; clk      ; None                        ; None                      ; 3.787 ns                ;
; N/A   ; 222.42 MHz ( period = 4.496 ns )               ; cnt_scan[5]  ; cnt_scan[9]  ; clk        ; clk      ; None                        ; None                      ; 3.787 ns                ;
; N/A   ; 222.42 MHz ( period = 4.496 ns )               ; cnt_scan[5]  ; cnt_scan[8]  ; clk        ; clk      ; None                        ; None                      ; 3.787 ns                ;
; N/A   ; 223.06 MHz ( period = 4.483 ns )               ; cnt_scan[5]  ; cnt_scan[15] ; clk        ; clk      ; None                        ; None                      ; 3.774 ns                ;
; N/A   ; 223.06 MHz ( period = 4.483 ns )               ; cnt_scan[5]  ; cnt_scan[13] ; clk        ; clk      ; None                        ; None                      ; 3.774 ns                ;
; N/A   ; 223.06 MHz ( period = 4.483 ns )               ; cnt_scan[5]  ; cnt_scan[14] ; clk        ; clk      ; None                        ; None                      ; 3.774 ns                ;
; N/A   ; 229.25 MHz ( period = 4.362 ns )               ; cnt_scan[8]  ; cnt_scan[15] ; clk        ; clk      ; None                        ; None                      ; 3.653 ns                ;
; N/A   ; 229.25 MHz ( period = 4.362 ns )               ; cnt_scan[8]  ; cnt_scan[13] ; clk        ; clk      ; None                        ; None                      ; 3.653 ns                ;
; N/A   ; 229.25 MHz ( period = 4.362 ns )               ; cnt_scan[8]  ; cnt_scan[14] ; clk        ; clk      ; None                        ; None                      ; 3.653 ns                ;
; N/A   ; 230.20 MHz ( period = 4.344 ns )               ; cnt_scan[7]  ; cnt_scan[12] ; clk        ; clk      ; None                        ; None                      ; 3.635 ns                ;
; N/A   ; 230.20 MHz ( period = 4.344 ns )               ; cnt_scan[7]  ; cnt_scan[11] ; clk        ; clk      ; None                        ; None                      ; 3.635 ns                ;
; N/A   ; 230.20 MHz ( period = 4.344 ns )               ; cnt_scan[7]  ; cnt_scan[10] ; clk        ; clk      ; None                        ; None                      ; 3.635 ns                ;
; N/A   ; 230.20 MHz ( period = 4.344 ns )               ; cnt_scan[7]  ; cnt_scan[9]  ; clk        ; clk      ; None                        ; None                      ; 3.635 ns                ;
; N/A   ; 230.20 MHz ( period = 4.344 ns )               ; cnt_scan[7]  ; cnt_scan[8]  ; clk        ; clk      ; None                        ; None                      ; 3.635 ns                ;
; N/A   ; 230.89 MHz ( period = 4.331 ns )               ; cnt_scan[7]  ; cnt_scan[15] ; clk        ; clk      ; None                        ; None                      ; 3.622 ns                ;
; N/A   ; 230.89 MHz ( period = 4.331 ns )               ; cnt_scan[7]  ; cnt_scan[13] ; clk        ; clk      ; None                        ; None                      ; 3.622 ns                ;
; N/A   ; 230.89 MHz ( period = 4.331 ns )               ; cnt_scan[7]  ; cnt_scan[14] ; clk        ; clk      ; None                        ; None                      ; 3.622 ns                ;
; N/A   ; 236.35 MHz ( period = 4.231 ns )               ; cnt_scan[9]  ; cnt_scan[15] ; clk        ; clk      ; None                        ; None                      ; 3.522 ns                ;
; N/A   ; 236.35 MHz ( period = 4.231 ns )               ; cnt_scan[9]  ; cnt_scan[13] ; clk        ; clk      ; None                        ; None                      ; 3.522 ns                ;
; N/A   ; 236.35 MHz ( period = 4.231 ns )               ; cnt_scan[9]  ; cnt_scan[14] ; clk        ; clk      ; None                        ; None                      ; 3.522 ns                ;
; N/A   ; 238.21 MHz ( period = 4.198 ns )               ; cnt_scan[1]  ; cnt_scan[7]  ; clk        ; clk      ; None                        ; None                      ; 3.489 ns                ;
; N/A   ; 238.21 MHz ( period = 4.198 ns )               ; cnt_scan[1]  ; cnt_scan[6]  ; clk        ; clk      ; None                        ; None                      ; 3.489 ns                ;
; N/A   ; 238.21 MHz ( period = 4.198 ns )               ; cnt_scan[1]  ; cnt_scan[5]  ; clk        ; clk      ; None                        ; None                      ; 3.489 ns                ;
; N/A   ; 238.21 MHz ( period = 4.198 ns )               ; cnt_scan[1]  ; cnt_scan[4]  ; clk        ; clk      ; None                        ; None                      ; 3.489 ns                ;
; N/A   ; 238.21 MHz ( period = 4.198 ns )               ; cnt_scan[1]  ; cnt_scan[3]  ; clk        ; clk      ; None                        ; None                      ; 3.489 ns                ;
; N/A   ; 238.72 MHz ( period = 4.189 ns )               ; cnt_scan[11] ; cnt_scan[15] ; clk        ; clk      ; None                        ; None                      ; 3.480 ns                ;
; N/A   ; 238.72 MHz ( period = 4.189 ns )               ; cnt_scan[11] ; cnt_scan[13] ; clk        ; clk      ; None                        ; None                      ; 3.480 ns                ;
; N/A   ; 238.72 MHz ( period = 4.189 ns )               ; cnt_scan[11] ; cnt_scan[14] ; clk        ; clk      ; None                        ; None                      ; 3.480 ns                ;
; N/A   ; 243.37 MHz ( period = 4.109 ns )               ; cnt_scan[3]  ; cnt_scan[7]  ; clk        ; clk      ; None                        ; None                      ; 3.400 ns                ;
; N/A   ; 243.43 MHz ( period = 4.108 ns )               ; cnt_scan[10] ; cnt_scan[15] ; clk        ; clk      ; None                        ; None                      ; 3.399 ns                ;
; N/A   ; 243.43 MHz ( period = 4.108 ns )               ; cnt_scan[10] ; cnt_scan[13] ; clk        ; clk      ; None                        ; None                      ; 3.399 ns                ;
; N/A   ; 243.43 MHz ( period = 4.108 ns )               ; cnt_scan[10] ; cnt_scan[14] ; clk        ; clk      ; None                        ; None                      ; 3.399 ns                ;
; N/A   ; 246.12 MHz ( period = 4.063 ns )               ; cnt_scan[12] ; cnt_scan[15] ; clk        ; clk      ; None                        ; None                      ; 3.354 ns                ;
; N/A   ; 246.12 MHz ( period = 4.063 ns )               ; cnt_scan[12] ; cnt_scan[13] ; clk        ; clk      ; None                        ; None                      ; 3.354 ns                ;
; N/A   ; 246.12 MHz ( period = 4.063 ns )               ; cnt_scan[12] ; cnt_scan[14] ; clk        ; clk      ; None                        ; None                      ; 3.354 ns                ;
; N/A   ; 247.16 MHz ( period = 4.046 ns )               ; cnt_scan[2]  ; cnt_scan[7]  ; clk        ; clk      ; None                        ; None                      ; 3.337 ns                ;
; N/A   ; 247.16 MHz ( period = 4.046 ns )               ; cnt_scan[2]  ; cnt_scan[6]  ; clk        ; clk      ; None                        ; None                      ; 3.337 ns                ;
; N/A   ; 247.16 MHz ( period = 4.046 ns )               ; cnt_scan[2]  ; cnt_scan[5]  ; clk        ; clk      ; None                        ; None                      ; 3.337 ns                ;
; N/A   ; 247.16 MHz ( period = 4.046 ns )               ; cnt_scan[2]  ; cnt_scan[4]  ; clk        ; clk      ; None                        ; None                      ; 3.337 ns                ;
; N/A   ; 247.16 MHz ( period = 4.046 ns )               ; cnt_scan[2]  ; cnt_scan[3]  ; clk        ; clk      ; None                        ; None                      ; 3.337 ns                ;
; N/A   ; 249.56 MHz ( period = 4.007 ns )               ; cnt_scan[0]  ; cnt_scan[7]  ; clk        ; clk      ; None                        ; None                      ; 3.298 ns                ;
; N/A   ; 249.56 MHz ( period = 4.007 ns )               ; cnt_scan[0]  ; cnt_scan[6]  ; clk        ; clk      ; None                        ; None                      ; 3.298 ns                ;
; N/A   ; 249.56 MHz ( period = 4.007 ns )               ; cnt_scan[0]  ; cnt_scan[5]  ; clk        ; clk      ; None                        ; None                      ; 3.298 ns                ;
; N/A   ; 249.56 MHz ( period = 4.007 ns )               ; cnt_scan[0]  ; cnt_scan[4]  ; clk        ; clk      ; None                        ; None                      ; 3.298 ns                ;
; N/A   ; 249.56 MHz ( period = 4.007 ns )               ; cnt_scan[0]  ; cnt_scan[3]  ; clk        ; clk      ; None                        ; None                      ; 3.298 ns                ;
; N/A   ; 250.82 MHz ( period = 3.987 ns )               ; cnt_scan[4]  ; cnt_scan[7]  ; clk        ; clk      ; None                        ; None                      ; 3.278 ns                ;
; N/A   ; 250.88 MHz ( period = 3.986 ns )               ; cnt_scan[3]  ; cnt_scan[6]  ; clk        ; clk      ; None                        ; None                      ; 3.277 ns                ;
; N/A   ; 256.08 MHz ( period = 3.905 ns )               ; cnt_scan[13] ; cnt_scan[15] ; clk        ; clk      ; None                        ; None                      ; 3.196 ns                ;
; N/A   ; 256.74 MHz ( period = 3.895 ns )               ; cnt_scan[8]  ; cnt_scan[12] ; clk        ; clk      ; None                        ; None                      ; 3.186 ns                ;
; N/A   ; 258.80 MHz ( period = 3.864 ns )               ; cnt_scan[4]  ; cnt_scan[6]  ; clk        ; clk      ; None                        ; None                      ; 3.155 ns                ;
; N/A   ; 258.87 MHz ( period = 3.863 ns )               ; cnt_scan[3]  ; cnt_scan[5]  ; clk        ; clk      ; None                        ; None                      ; 3.154 ns                ;
; N/A   ; 264.41 MHz ( period = 3.782 ns )               ; cnt_scan[13] ; cnt_scan[14] ; clk        ; clk      ; None                        ; None                      ; 3.073 ns                ;
; N/A   ; 265.11 MHz ( period = 3.772 ns )               ; cnt_scan[8]  ; cnt_scan[11] ; clk        ; clk      ; None                        ; None                      ; 3.063 ns                ;
; N/A   ; 265.67 MHz ( period = 3.764 ns )               ; cnt_scan[9]  ; cnt_scan[12] ; clk        ; clk      ; None                        ; None                      ; 3.055 ns                ;
; N/A   ; 266.10 MHz ( period = 3.758 ns )               ; cnt_scan[14] ; cnt_scan[15] ; clk        ; clk      ; None                        ; None                      ; 3.049 ns                ;
; N/A   ; 267.31 MHz ( period = 3.741 ns )               ; cnt_scan[4]  ; cnt_scan[5]  ; clk        ; clk      ; None                        ; None                      ; 3.032 ns                ;
; N/A   ; 267.38 MHz ( period = 3.740 ns )               ; cnt_scan[3]  ; cnt_scan[4]  ; clk        ; clk      ; None                        ; None                      ; 3.031 ns                ;
; N/A   ; 268.02 MHz ( period = 3.731 ns )               ; cnt_scan[6]  ; cnt_scan[7]  ; clk        ; clk      ; None                        ; None                      ; 3.022 ns                ;
; N/A   ; 268.02 MHz ( period = 3.731 ns )               ; cnt_scan[1]  ; cnt_scan[2]  ; clk        ; clk      ; None                        ; None                      ; 3.022 ns                ;
; N/A   ; 268.67 MHz ( period = 3.722 ns )               ; cnt_scan[11] ; cnt_scan[12] ; clk        ; clk      ; None                        ; None                      ; 3.013 ns                ;
; N/A   ; 274.05 MHz ( period = 3.649 ns )               ; cnt_scan[8]  ; cnt_scan[10] ; clk        ; clk      ; None                        ; None                      ; 2.940 ns                ;
; N/A   ; 274.65 MHz ( period = 3.641 ns )               ; cnt_scan[10] ; cnt_scan[12] ; clk        ; clk      ; None                        ; None                      ; 2.932 ns                ;
; N/A   ; 274.65 MHz ( period = 3.641 ns )               ; cnt_scan[9]  ; cnt_scan[11] ; clk        ; clk      ; None                        ; None                      ; 2.932 ns                ;
; N/A   ; 275.33 MHz ( period = 3.632 ns )               ; cnt_scan[5]  ; cnt_scan[7]  ; clk        ; clk      ; None                        ; None                      ; 2.923 ns                ;
; N/A   ; 282.49 MHz ( period = 3.540 ns )               ; cnt_scan[0]  ; cnt_scan[2]  ; clk        ; clk      ; None                        ; None                      ; 2.831 ns                ;
; N/A   ; 283.61 MHz ( period = 3.526 ns )               ; cnt_scan[8]  ; cnt_scan[9]  ; clk        ; clk      ; None                        ; None                      ; 2.817 ns                ;
; N/A   ; 284.25 MHz ( period = 3.518 ns )               ; cnt_scan[10] ; cnt_scan[11] ; clk        ; clk      ; None                        ; None                      ; 2.809 ns                ;
; N/A   ; 284.25 MHz ( period = 3.518 ns )               ; cnt_scan[9]  ; cnt_scan[10] ; clk        ; clk      ; None                        ; None                      ; 2.809 ns                ;
; N/A   ; 284.98 MHz ( period = 3.509 ns )               ; cnt_scan[5]  ; cnt_scan[6]  ; clk        ; clk      ; None                        ; None                      ; 2.800 ns                ;
; N/A   ; Restricted to 304.04 MHz ( period = 3.289 ns ) ; cnt_scan[15] ; cnt_scan[15] ; clk        ; clk      ; None                        ; None                      ; 2.466 ns                ;
; N/A   ; Restricted to 304.04 MHz ( period = 3.289 ns ) ; cnt_scan[13] ; cnt_scan[13] ; clk        ; clk      ; None                        ; None                      ; 2.117 ns                ;
; N/A   ; Restricted to 304.04 MHz ( period = 3.289 ns ) ; cnt_scan[12] ; cnt_scan[12] ; clk        ; clk      ; None                        ; None                      ; 2.093 ns                ;
; N/A   ; Restricted to 304.04 MHz ( period = 3.289 ns ) ; cnt_scan[14] ; cnt_scan[14] ; clk        ; clk      ; None                        ; None                      ; 2.093 ns                ;
; N/A   ; Restricted to 304.04 MHz ( period = 3.289 ns ) ; cnt_scan[2]  ; cnt_scan[2]  ; clk        ; clk      ; None                        ; None                      ; 2.076 ns                ;
; N/A   ; Restricted to 304.04 MHz ( period = 3.289 ns ) ; cnt_scan[4]  ; cnt_scan[4]  ; clk        ; clk      ; None                        ; None                      ; 2.076 ns                ;
; N/A   ; Restricted to 304.04 MHz ( period = 3.289 ns ) ; cnt_scan[3]  ; cnt_scan[3]  ; clk        ; clk      ; None                        ; None                      ; 2.075 ns                ;
; N/A   ; Restricted to 304.04 MHz ( period = 3.289 ns ) ; cnt_scan[6]  ; cnt_scan[6]  ; clk        ; clk      ; None                        ; None                      ; 2.066 ns                ;
; N/A   ; Restricted to 304.04 MHz ( period = 3.289 ns ) ; cnt_scan[1]  ; cnt_scan[1]  ; clk        ; clk      ; None                        ; None                      ; 2.066 ns                ;
; N/A   ; Restricted to 304.04 MHz ( period = 3.289 ns ) ; cnt_scan[11] ; cnt_scan[11] ; clk        ; clk      ; None                        ; None                      ; 2.057 ns                ;
; N/A   ; Restricted to 304.04 MHz ( period = 3.289 ns ) ; cnt_scan[0]  ; cnt_scan[1]  ; clk        ; clk      ; None                        ; None                      ; 1.984 ns                ;
; N/A   ; Restricted to 304.04 MHz ( period = 3.289 ns ) ; cnt_scan[7]  ; cnt_scan[7]  ; clk        ; clk      ; None                        ; None                      ; 1.971 ns                ;
; N/A   ; Restricted to 304.04 MHz ( period = 3.289 ns ) ; cnt_scan[8]  ; cnt_scan[8]  ; clk        ; clk      ; None                        ; None                      ; 1.970 ns                ;
; N/A   ; Restricted to 304.04 MHz ( period = 3.289 ns ) ; cnt_scan[10] ; cnt_scan[10] ; clk        ; clk      ; None                        ; None                      ; 1.962 ns                ;
; N/A   ; Restricted to 304.04 MHz ( period = 3.289 ns ) ; cnt_scan[9]  ; cnt_scan[9]  ; clk        ; clk      ; None                        ; None                      ; 1.962 ns                ;
; N/A   ; Restricted to 304.04 MHz ( period = 3.289 ns ) ; cnt_scan[5]  ; cnt_scan[5]  ; clk        ; clk      ; None                        ; None                      ; 1.953 ns                ;
; N/A   ; Restricted to 304.04 MHz ( period = 3.289 ns ) ; cnt_scan[0]  ; cnt_scan[0]  ; clk        ; clk      ; None                        ; None                      ; 1.513 ns                ;
+-------+------------------------------------------------+--------------+--------------+------------+----------+-----------------------------+---------------------------+-------------------------+


+-----------------------------------------------------------------------+
; tco                                                                   ;
+-------+--------------+------------+--------------+-------+------------+
; Slack ; Required tco ; Actual tco ; From         ; To    ; From Clock ;
+-------+--------------+------------+--------------+-------+------------+
; N/A   ; None         ; 12.415 ns  ; cnt_scan[15] ; en[1] ; clk        ;
; N/A   ; None         ; 12.333 ns  ; cnt_scan[14] ; en[1] ; clk        ;
; N/A   ; None         ; 12.266 ns  ; cnt_scan[13] ; en[1] ; clk        ;
; N/A   ; None         ; 11.912 ns  ; cnt_scan[15] ; en[0] ; clk        ;
; N/A   ; None         ; 11.831 ns  ; cnt_scan[14] ; en[0] ; clk        ;
; N/A   ; None         ; 11.786 ns  ; cnt_scan[15] ; en[4] ; clk        ;
; N/A   ; None         ; 11.772 ns  ; cnt_scan[15] ; en[2] ; clk        ;
; N/A   ; None         ; 11.763 ns  ; cnt_scan[13] ; en[0] ; clk        ;
; N/A   ; None         ; 11.756 ns  ; cnt_scan[15] ; en[5] ; clk        ;
; N/A   ; None         ; 11.752 ns  ; cnt_scan[15] ; en[3] ; clk        ;
; N/A   ; None         ; 11.731 ns  ; cnt_scan[13] ; en[4] ; clk        ;
; N/A   ; None         ; 11.725 ns  ; cnt_scan[14] ; en[4] ; clk        ;
; N/A   ; None         ; 11.705 ns  ; cnt_scan[14] ; en[2] ; clk        ;
; N/A   ; None         ; 11.698 ns  ; cnt_scan[13] ; en[3] ; clk        ;
; N/A   ; None         ; 11.695 ns  ; cnt_scan[13] ; en[5] ; clk        ;
; N/A   ; None         ; 11.692 ns  ; cnt_scan[14] ; en[3] ; clk        ;
; N/A   ; None         ; 11.688 ns  ; cnt_scan[14] ; en[5] ; clk        ;
; N/A   ; None         ; 11.653 ns  ; cnt_scan[13] ; en[2] ; clk        ;
; N/A   ; None         ; 10.923 ns  ; cnt_scan[14] ; en[6] ; clk        ;
; N/A   ; None         ; 10.921 ns  ; cnt_scan[14] ; en[7] ; clk        ;
; N/A   ; None         ; 10.672 ns  ; cnt_scan[15] ; en[7] ; clk        ;
; N/A   ; None         ; 10.670 ns  ; cnt_scan[15] ; en[6] ; clk        ;
; N/A   ; None         ; 10.558 ns  ; cnt_scan[13] ; en[6] ; clk        ;
; N/A   ; None         ; 10.557 ns  ; cnt_scan[13] ; en[7] ; clk        ;
+-------+--------------+------------+--------------+-------+------------+


+--------------------------+
; Timing Analyzer Messages ;
+--------------------------+
Info: *******************************************************************
Info: Running Quartus II Classic Timing Analyzer
    Info: Version 9.0 Build 235 06/17/2009 Service Pack 2 SJ Web Edition
    Info: Processing started: Wed Feb 01 09:57:57 2023
Info: Command: quartus_tan --read_settings_files=off --write_settings_files=off exam3 -c exam3
Info: Parallel compilation is enabled and will use 4 of the 8 processors detected
Info: Started post-fitting delay annotation
Info: Delay annotation completed successfully
Warning: Timing Analysis is analyzing one or more combinational loops as latches
    Warning: Node "key_2" is a latch
    Warning: Node "key_1" is a latch
    Warning: Node "dataout[0]$latch" is a latch
    Warning: Node "dataout[1]$latch" is a latch
    Warning: Node "dataout[2]$latch" is a latch
    Warning: Node "dataout[3]$latch" is a latch
Warning: Found pins functioning as undefined clocks and/or memory enables
    Info: Assuming node "clk" is an undefined clock
Warning: Found 3 node(s) in clock paths which may be acting as ripple and/or gated clocks -- node(s) analyzed as buffer(s) resulting in clock skew
    Info: Detected ripple clock "key_1" as buffer
    Info: Detected ripple clock "key_2" as buffer
    Info: Detected gated clock "dataout[0]~19" as buffer
Info: Clock "clk" has Internal fmax of 201.09 MHz between source register "cnt_scan[3]" and destination register "cnt_scan[12]" (period= 4.973 ns)
    Info: + Longest register to register delay is 4.264 ns
        Info: 1: + IC(0.000 ns) + CELL(0.000 ns) = 0.000 ns; Loc. = LC_X12_Y3_N5; Fanout = 3; REG Node = 'cnt_scan[3]'
        Info: 2: + IC(0.892 ns) + CELL(0.978 ns) = 1.870 ns; Loc. = LC_X12_Y3_N5; Fanout = 2; COMB Node = 'cnt_scan[3]~25'
        Info: 3: + IC(0.000 ns) + CELL(0.123 ns) = 1.993 ns; Loc. = LC_X12_Y3_N6; Fanout = 2; COMB Node = 'cnt_scan[4]~23'
        Info: 4: + IC(0.000 ns) + CELL(0.123 ns) = 2.116 ns; Loc. = LC_X12_Y3_N7; Fanout = 2; COMB Node = 'cnt_scan[5]~21'
        Info: 5: + IC(0.000 ns) + CELL(0.123 ns) = 2.239 ns; Loc. = LC_X12_Y3_N8; Fanout = 2; COMB Node = 'cnt_scan[6]~19'
        Info: 6: + IC(0.000 ns) + CELL(0.399 ns) = 2.638 ns; Loc. = LC_X12_Y3_N9; Fanout = 6; COMB Node = 'cnt_scan[7]~17'
        Info: 7: + IC(0.000 ns) + CELL(1.626 ns) = 4.264 ns; Loc. = LC_X13_Y3_N4; Fanout = 2; REG Node = 'cnt_scan[12]'
        Info: Total cell delay = 3.372 ns ( 79.08 % )
        Info: Total interconnect delay = 0.892 ns ( 20.92 % )
    Info: - Smallest clock skew is 0.000 ns
        Info: + Shortest clock path from clock "clk" to destination register is 3.819 ns
            Info: 1: + IC(0.000 ns) + CELL(1.163 ns) = 1.163 ns; Loc. = PIN_18; Fanout = 16; CLK Node = 'clk'
            Info: 2: + IC(1.738 ns) + CELL(0.918 ns) = 3.819 ns; Loc. = LC_X13_Y3_N4; Fanout = 2; REG Node = 'cnt_scan[12]'
            Info: Total cell delay = 2.081 ns ( 54.49 % )
            Info: Total interconnect delay = 1.738 ns ( 45.51 % )
        Info: - Longest clock path from clock "clk" to source register is 3.819 ns
            Info: 1: + IC(0.000 ns) + CELL(1.163 ns) = 1.163 ns; Loc. = PIN_18; Fanout = 16; CLK Node = 'clk'
            Info: 2: + IC(1.738 ns) + CELL(0.918 ns) = 3.819 ns; Loc. = LC_X12_Y3_N5; Fanout = 3; REG Node = 'cnt_scan[3]'
            Info: Total cell delay = 2.081 ns ( 54.49 % )
            Info: Total interconnect delay = 1.738 ns ( 45.51 % )
    Info: + Micro clock to output delay of source is 0.376 ns
    Info: + Micro setup delay of destination is 0.333 ns
Info: tco from clock "clk" to destination pin "en[1]" through register "cnt_scan[15]" is 12.415 ns
    Info: + Longest clock path from clock "clk" to source register is 3.819 ns
        Info: 1: + IC(0.000 ns) + CELL(1.163 ns) = 1.163 ns; Loc. = PIN_18; Fanout = 16; CLK Node = 'clk'
        Info: 2: + IC(1.738 ns) + CELL(0.918 ns) = 3.819 ns; Loc. = LC_X13_Y3_N7; Fanout = 13; REG Node = 'cnt_scan[15]'
        Info: Total cell delay = 2.081 ns ( 54.49 % )
        Info: Total interconnect delay = 1.738 ns ( 45.51 % )
    Info: + Micro clock to output delay of source is 0.376 ns
    Info: + Longest register to pin delay is 8.220 ns
        Info: 1: + IC(0.000 ns) + CELL(0.000 ns) = 0.000 ns; Loc. = LC_X13_Y3_N7; Fanout = 13; REG Node = 'cnt_scan[15]'
        Info: 2: + IC(0.923 ns) + CELL(0.740 ns) = 1.663 ns; Loc. = LC_X13_Y3_N9; Fanout = 1; COMB Node = 'Decoder0~1'
        Info: 3: + IC(4.235 ns) + CELL(2.322 ns) = 8.220 ns; Loc. = PIN_45; Fanout = 0; PIN Node = 'en[1]'
        Info: Total cell delay = 3.062 ns ( 37.25 % )
        Info: Total interconnect delay = 5.158 ns ( 62.75 % )
Info: Quartus II Classic Timing Analyzer was successful. 0 errors, 9 warnings
    Info: Peak virtual memory: 190 megabytes
    Info: Processing ended: Wed Feb 01 09:57:58 2023
    Info: Elapsed time: 00:00:01
    Info: Total CPU time (on all processors): 00:00:00


