Classic Timing Analyzer report for exam4
Wed Feb 01 09:59:17 2023
Quartus II Version 9.0 Build 235 06/17/2009 Service Pack 2 SJ Web Edition


---------------------
; Table of Contents ;
---------------------
  1. Legal Notice
  2. Timing Analyzer Summary
  3. Timing Analyzer Settings
  4. Clock Settings Summary
  5. Parallel Compilation
  6. Clock Setup: 'clk'
  7. tsu
  8. tco
  9. th
 10. Timing Analyzer Messages



----------------
; Legal Notice ;
----------------
Copyright (C) 1991-2009 Altera Corporation
Your use of Altera Corporation's design tools, logic functions 
and other software and tools, and its AMPP partner logic 
functions, and any output files from any of the foregoing 
(including device programming or simulation files), and any 
associated documentation or information are expressly subject 
to the terms and conditions of the Altera Program License 
Subscription Agreement, Altera MegaCore Function License 
Agreement, or other applicable license agreement, including, 
without limitation, that your use is for the sole purpose of 
programming logic devices manufactured by Altera and sold by 
Altera or its authorized distributors.  Please refer to the 
applicable agreement for further details.



+----------------------------------------------------------------------------------------------------------------------------------------------------------------+
; Timing Analyzer Summary                                                                                                                                        ;
+------------------------------+-------+---------------+----------------------------------+-------------+-----------------+------------+----------+--------------+
; Type                         ; Slack ; Required Time ; Actual Time                      ; From        ; To              ; From Clock ; To Clock ; Failed Paths ;
+------------------------------+-------+---------------+----------------------------------+-------------+-----------------+------------+----------+--------------+
; Worst-case tsu               ; N/A   ; None          ; 3.864 ns                         ; rst         ; cnt_scan[0]     ; --         ; clk      ; 0            ;
; Worst-case tco               ; N/A   ; None          ; 13.331 ns                        ; wr_n$latch  ; wr_n            ; rst        ; --       ; 0            ;
; Worst-case th                ; N/A   ; None          ; 4.635 ns                         ; adata[6]    ; data_reg[6]     ; --         ; clk      ; 0            ;
; Clock Setup: 'clk'           ; N/A   ; None          ; 18.83 MHz ( period = 53.099 ns ) ; data_reg[5] ; dataout[6]~reg0 ; clk        ; clk      ; 0            ;
; Total number of failed paths ;       ;               ;                                  ;             ;                 ;            ;          ; 0            ;
+------------------------------+-------+---------------+----------------------------------+-------------+-----------------+------------+----------+--------------+


+--------------------------------------------------------------------------------------------------------------------+
; Timing Analyzer Settings                                                                                           ;
+---------------------------------------------------------------------+--------------------+------+----+-------------+
; Option                                                              ; Setting            ; From ; To ; Entity Name ;
+---------------------------------------------------------------------+--------------------+------+----+-------------+
; Device Name                                                         ; EPM1270T144C5      ;      ;    ;             ;
; Timing Models                                                       ; Final              ;      ;    ;             ;
; Default hold multicycle                                             ; Same as Multicycle ;      ;    ;             ;
; Cut paths between unrelated clock domains                           ; On                 ;      ;    ;             ;
; Cut off read during write signal paths                              ; On                 ;      ;    ;             ;
; Cut off feedback from I/O pins                                      ; On                 ;      ;    ;             ;
; Report Combined Fast/Slow Timing                                    ; Off                ;      ;    ;             ;
; Ignore Clock Settings                                               ; Off                ;      ;    ;             ;
; Analyze latches as synchronous elements                             ; On                 ;      ;    ;             ;
; Enable Recovery/Removal analysis                                    ; Off                ;      ;    ;             ;
; Enable Clock Latency                                                ; Off                ;      ;    ;             ;
; Use TimeQuest Timing Analyzer                                       ; Off                ;      ;    ;             ;
; Minimum Core Junction Temperature                                   ; 0                  ;      ;    ;             ;
; Maximum Core Junction Temperature                                   ; 85                 ;      ;    ;             ;
; Number of source nodes to report per destination node               ; 10                 ;      ;    ;             ;
; Number of destination nodes to report                               ; 10                 ;      ;    ;             ;
; Number of paths to report                                           ; 200                ;      ;    ;             ;
; Report Minimum Timing Checks                                        ; Off                ;      ;    ;             ;
; Use Fast Timing Models                                              ; Off                ;      ;    ;             ;
; Report IO Paths Separately                                          ; Off                ;      ;    ;             ;
; Perform Multicorner Analysis                                        ; Off                ;      ;    ;             ;
; Reports the worst-case path for each clock domain and analysis      ; Off                ;      ;    ;             ;
; Removes common clock path pessimism (CCPP) during slack computation ; Off                ;      ;    ;             ;
; Output I/O Timing Endpoint                                          ; Near End           ;      ;    ;             ;
+---------------------------------------------------------------------+--------------------+------+----+-------------+


+------------------------------------------------------------------------------------------------------------------------------------------------------------------------------------+
; Clock Settings Summary                                                                                                                                                             ;
+-----------------+--------------------+----------+------------------+---------------+--------------+----------+-----------------------+---------------------+--------+--------------+
; Clock Node Name ; Clock Setting Name ; Type     ; Fmax Requirement ; Early Latency ; Late Latency ; Based on ; Multiply Base Fmax by ; Divide Base Fmax by ; Offset ; Phase offset ;
+-----------------+--------------------+----------+------------------+---------------+--------------+----------+-----------------------+---------------------+--------+--------------+
; clk             ;                    ; User Pin ; None             ; 0.000 ns      ; 0.000 ns     ; --       ; N/A                   ; N/A                 ; N/A    ;              ;
; rst             ;                    ; User Pin ; None             ; 0.000 ns      ; 0.000 ns     ; --       ; N/A                   ; N/A                 ; N/A    ;              ;
+-----------------+--------------------+----------+------------------+---------------+--------------+----------+-----------------------+---------------------+--------+--------------+


+------------------------------------------+
; Parallel Compilation                     ;
+----------------------------+-------------+
; Processors                 ; Number      ;
+----------------------------+-------------+
; Number detected on machine ; 8           ;
; Maximum allowed            ; 4           ;
;                            ;             ;
; Average used               ; 1.00        ;
; Maximum used               ; 1           ;
;                            ;             ;
; Usage by Processor         ; % Time Used ;
;     1 processor            ; 100.0%      ;
;     2-8 processors         ;   0.0%      ;
+----------------------------+-------------+


+-------------------------------------------------------------------------------------------------------------------------------------------------------------------------------------------------------------------------------------------+
; Clock Setup: 'clk'                                                                                                                                                                                                                        ;
+-----------------------------------------+-----------------------------------------------------+-------------+-----------------+------------+----------+-----------------------------+---------------------------+-------------------------+
; Slack                                   ; Actual fmax (period)                                ; From        ; To              ; From Clock ; To Clock ; Required Setup Relationship ; Required Longest P2P Time ; Actual Longest P2P Time ;
+-----------------------------------------+-----------------------------------------------------+-------------+-----------------+------------+----------+-----------------------------+---------------------------+-------------------------+
; N/A                                     ; 18.83 MHz ( period = 53.099 ns )                    ; data_reg[5] ; dataout[6]~reg0 ; clk        ; clk      ; None                        ; None                      ; 46.745 ns               ;
; N/A                                     ; 18.93 MHz ( period = 52.836 ns )                    ; data_reg[5] ; dataout[3]~reg0 ; clk        ; clk      ; None                        ; None                      ; 46.482 ns               ;
; N/A                                     ; 18.95 MHz ( period = 52.767 ns )                    ; data_reg[5] ; dataout[2]~reg0 ; clk        ; clk      ; None                        ; None                      ; 46.413 ns               ;
; N/A                                     ; 19.01 MHz ( period = 52.604 ns )                    ; data_reg[5] ; dataout[5]~reg0 ; clk        ; clk      ; None                        ; None                      ; 46.250 ns               ;
; N/A                                     ; 19.02 MHz ( period = 52.572 ns )                    ; data_reg[5] ; dataout[4]~reg0 ; clk        ; clk      ; None                        ; None                      ; 46.218 ns               ;
; N/A                                     ; 19.17 MHz ( period = 52.164 ns )                    ; data_reg[7] ; dataout[6]~reg0 ; clk        ; clk      ; None                        ; None                      ; 45.810 ns               ;
; N/A                                     ; 19.20 MHz ( period = 52.071 ns )                    ; data_reg[5] ; dataout[0]~reg0 ; clk        ; clk      ; None                        ; None                      ; 45.717 ns               ;
; N/A                                     ; 19.24 MHz ( period = 51.967 ns )                    ; data_reg[5] ; one_13[6]       ; clk        ; clk      ; None                        ; None                      ; 45.613 ns               ;
; N/A                                     ; 19.27 MHz ( period = 51.901 ns )                    ; data_reg[7] ; dataout[3]~reg0 ; clk        ; clk      ; None                        ; None                      ; 45.547 ns               ;
; N/A                                     ; 19.30 MHz ( period = 51.817 ns )                    ; data_reg[5] ; one_13[3]       ; clk        ; clk      ; None                        ; None                      ; 45.463 ns               ;
; N/A                                     ; 19.35 MHz ( period = 51.669 ns )                    ; data_reg[7] ; dataout[5]~reg0 ; clk        ; clk      ; None                        ; None                      ; 45.315 ns               ;
; N/A                                     ; 19.37 MHz ( period = 51.637 ns )                    ; data_reg[7] ; dataout[4]~reg0 ; clk        ; clk      ; None                        ; None                      ; 45.283 ns               ;
; N/A                                     ; 19.45 MHz ( period = 51.424 ns )                    ; data_reg[5] ; one_13[5]       ; clk        ; clk      ; None                        ; None                      ; 45.070 ns               ;
; N/A                                     ; 19.45 MHz ( period = 51.402 ns )                    ; data_reg[5] ; one_13[4]       ; clk        ; clk      ; None                        ; None                      ; 45.048 ns               ;
; N/A                                     ; 19.48 MHz ( period = 51.341 ns )                    ; data_reg[6] ; dataout[2]~reg0 ; clk        ; clk      ; None                        ; None                      ; 44.987 ns               ;
; N/A                                     ; 19.60 MHz ( period = 51.032 ns )                    ; data_reg[7] ; one_13[6]       ; clk        ; clk      ; None                        ; None                      ; 44.678 ns               ;
; N/A                                     ; 19.65 MHz ( period = 50.894 ns )                    ; data_reg[5] ; dataout[1]~reg0 ; clk        ; clk      ; None                        ; None                      ; 44.540 ns               ;
; N/A                                     ; 19.65 MHz ( period = 50.882 ns )                    ; data_reg[7] ; one_13[3]       ; clk        ; clk      ; None                        ; None                      ; 44.528 ns               ;
; N/A                                     ; 19.69 MHz ( period = 50.778 ns )                    ; data_reg[7] ; dataout[2]~reg0 ; clk        ; clk      ; None                        ; None                      ; 44.424 ns               ;
; N/A                                     ; 19.72 MHz ( period = 50.704 ns )                    ; data_reg[5] ; one_14[4]       ; clk        ; clk      ; None                        ; None                      ; 44.350 ns               ;
; N/A                                     ; 19.72 MHz ( period = 50.702 ns )                    ; data_reg[5] ; one_14[3]       ; clk        ; clk      ; None                        ; None                      ; 44.348 ns               ;
; N/A                                     ; 19.72 MHz ( period = 50.702 ns )                    ; data_reg[5] ; one_14[5]       ; clk        ; clk      ; None                        ; None                      ; 44.348 ns               ;
; N/A                                     ; 19.72 MHz ( period = 50.701 ns )                    ; data_reg[5] ; one_14[0]       ; clk        ; clk      ; None                        ; None                      ; 44.347 ns               ;
; N/A                                     ; 19.73 MHz ( period = 50.684 ns )                    ; data_reg[6] ; dataout[6]~reg0 ; clk        ; clk      ; None                        ; None                      ; 44.330 ns               ;
; N/A                                     ; 19.74 MHz ( period = 50.660 ns )                    ; data_reg[7] ; dataout[0]~reg0 ; clk        ; clk      ; None                        ; None                      ; 44.306 ns               ;
; N/A                                     ; 19.75 MHz ( period = 50.645 ns )                    ; data_reg[6] ; dataout[0]~reg0 ; clk        ; clk      ; None                        ; None                      ; 44.291 ns               ;
; N/A                                     ; 19.80 MHz ( period = 50.508 ns )                    ; data_reg[6] ; dataout[4]~reg0 ; clk        ; clk      ; None                        ; None                      ; 44.154 ns               ;
; N/A                                     ; 19.81 MHz ( period = 50.489 ns )                    ; data_reg[7] ; one_13[5]       ; clk        ; clk      ; None                        ; None                      ; 44.135 ns               ;
; N/A                                     ; 19.81 MHz ( period = 50.467 ns )                    ; data_reg[7] ; one_13[4]       ; clk        ; clk      ; None                        ; None                      ; 44.113 ns               ;
; N/A                                     ; 19.83 MHz ( period = 50.421 ns )                    ; data_reg[6] ; dataout[3]~reg0 ; clk        ; clk      ; None                        ; None                      ; 44.067 ns               ;
; N/A                                     ; 19.83 MHz ( period = 50.421 ns )                    ; data_reg[5] ; one_14[2]       ; clk        ; clk      ; None                        ; None                      ; 44.067 ns               ;
; N/A                                     ; 19.88 MHz ( period = 50.297 ns )                    ; data_reg[5] ; one_13[2]       ; clk        ; clk      ; None                        ; None                      ; 43.943 ns               ;
; N/A                                     ; 19.92 MHz ( period = 50.189 ns )                    ; data_reg[6] ; dataout[5]~reg0 ; clk        ; clk      ; None                        ; None                      ; 43.835 ns               ;
; N/A                                     ; 20.02 MHz ( period = 49.959 ns )                    ; data_reg[7] ; dataout[1]~reg0 ; clk        ; clk      ; None                        ; None                      ; 43.605 ns               ;
; N/A                                     ; 20.04 MHz ( period = 49.898 ns )                    ; data_reg[5] ; one_13[0]       ; clk        ; clk      ; None                        ; None                      ; 43.544 ns               ;
; N/A                                     ; 20.05 MHz ( period = 49.884 ns )                    ; data_reg[5] ; one_13[1]       ; clk        ; clk      ; None                        ; None                      ; 43.530 ns               ;
; N/A                                     ; 20.18 MHz ( period = 49.552 ns )                    ; data_reg[6] ; one_13[6]       ; clk        ; clk      ; None                        ; None                      ; 43.198 ns               ;
; N/A                                     ; 20.24 MHz ( period = 49.402 ns )                    ; data_reg[6] ; one_13[3]       ; clk        ; clk      ; None                        ; None                      ; 43.048 ns               ;
; N/A                                     ; 20.26 MHz ( period = 49.362 ns )                    ; data_reg[7] ; one_13[2]       ; clk        ; clk      ; None                        ; None                      ; 43.008 ns               ;
; N/A                                     ; 20.29 MHz ( period = 49.286 ns )                    ; data_reg[6] ; dataout[1]~reg0 ; clk        ; clk      ; None                        ; None                      ; 42.932 ns               ;
; N/A                                     ; 20.29 MHz ( period = 49.278 ns )                    ; data_reg[6] ; one_14[4]       ; clk        ; clk      ; None                        ; None                      ; 42.924 ns               ;
; N/A                                     ; 20.29 MHz ( period = 49.276 ns )                    ; data_reg[6] ; one_14[3]       ; clk        ; clk      ; None                        ; None                      ; 42.922 ns               ;
; N/A                                     ; 20.29 MHz ( period = 49.276 ns )                    ; data_reg[6] ; one_14[5]       ; clk        ; clk      ; None                        ; None                      ; 42.922 ns               ;
; N/A                                     ; 20.29 MHz ( period = 49.275 ns )                    ; data_reg[6] ; one_14[0]       ; clk        ; clk      ; None                        ; None                      ; 42.921 ns               ;
; N/A                                     ; 20.40 MHz ( period = 49.009 ns )                    ; data_reg[6] ; one_13[5]       ; clk        ; clk      ; None                        ; None                      ; 42.655 ns               ;
; N/A                                     ; 20.41 MHz ( period = 48.995 ns )                    ; data_reg[6] ; one_14[2]       ; clk        ; clk      ; None                        ; None                      ; 42.641 ns               ;
; N/A                                     ; 20.41 MHz ( period = 48.987 ns )                    ; data_reg[6] ; one_13[4]       ; clk        ; clk      ; None                        ; None                      ; 42.633 ns               ;
; N/A                                     ; 20.42 MHz ( period = 48.963 ns )                    ; data_reg[7] ; one_13[0]       ; clk        ; clk      ; None                        ; None                      ; 42.609 ns               ;
; N/A                                     ; 20.43 MHz ( period = 48.949 ns )                    ; data_reg[7] ; one_13[1]       ; clk        ; clk      ; None                        ; None                      ; 42.595 ns               ;
; N/A                                     ; 20.53 MHz ( period = 48.703 ns )                    ; data_reg[5] ; one_14[1]       ; clk        ; clk      ; None                        ; None                      ; 42.349 ns               ;
; N/A                                     ; 20.88 MHz ( period = 47.882 ns )                    ; data_reg[6] ; one_13[2]       ; clk        ; clk      ; None                        ; None                      ; 41.528 ns               ;
; N/A                                     ; 20.93 MHz ( period = 47.778 ns )                    ; data_reg[5] ; one_14[6]       ; clk        ; clk      ; None                        ; None                      ; 41.424 ns               ;
; N/A                                     ; 21.06 MHz ( period = 47.483 ns )                    ; data_reg[6] ; one_13[0]       ; clk        ; clk      ; None                        ; None                      ; 41.129 ns               ;
; N/A                                     ; 21.07 MHz ( period = 47.469 ns )                    ; data_reg[6] ; one_13[1]       ; clk        ; clk      ; None                        ; None                      ; 41.115 ns               ;
; N/A                                     ; 21.12 MHz ( period = 47.339 ns )                    ; data_reg[4] ; dataout[6]~reg0 ; clk        ; clk      ; None                        ; None                      ; 40.985 ns               ;
; N/A                                     ; 21.15 MHz ( period = 47.277 ns )                    ; data_reg[6] ; one_14[1]       ; clk        ; clk      ; None                        ; None                      ; 40.923 ns               ;
; N/A                                     ; 21.20 MHz ( period = 47.160 ns )                    ; data_reg[7] ; one_14[4]       ; clk        ; clk      ; None                        ; None                      ; 40.806 ns               ;
; N/A                                     ; 21.21 MHz ( period = 47.158 ns )                    ; data_reg[7] ; one_14[3]       ; clk        ; clk      ; None                        ; None                      ; 40.804 ns               ;
; N/A                                     ; 21.21 MHz ( period = 47.158 ns )                    ; data_reg[7] ; one_14[5]       ; clk        ; clk      ; None                        ; None                      ; 40.804 ns               ;
; N/A                                     ; 21.21 MHz ( period = 47.157 ns )                    ; data_reg[7] ; one_14[0]       ; clk        ; clk      ; None                        ; None                      ; 40.803 ns               ;
; N/A                                     ; 21.23 MHz ( period = 47.111 ns )                    ; data_reg[4] ; dataout[2]~reg0 ; clk        ; clk      ; None                        ; None                      ; 40.757 ns               ;
; N/A                                     ; 21.24 MHz ( period = 47.076 ns )                    ; data_reg[4] ; dataout[3]~reg0 ; clk        ; clk      ; None                        ; None                      ; 40.722 ns               ;
; N/A                                     ; 21.33 MHz ( period = 46.877 ns )                    ; data_reg[7] ; one_14[2]       ; clk        ; clk      ; None                        ; None                      ; 40.523 ns               ;
; N/A                                     ; 21.35 MHz ( period = 46.844 ns )                    ; data_reg[4] ; dataout[5]~reg0 ; clk        ; clk      ; None                        ; None                      ; 40.490 ns               ;
; N/A                                     ; 21.36 MHz ( period = 46.812 ns )                    ; data_reg[4] ; dataout[4]~reg0 ; clk        ; clk      ; None                        ; None                      ; 40.458 ns               ;
; N/A                                     ; 21.54 MHz ( period = 46.415 ns )                    ; data_reg[4] ; dataout[0]~reg0 ; clk        ; clk      ; None                        ; None                      ; 40.061 ns               ;
; N/A                                     ; 21.57 MHz ( period = 46.352 ns )                    ; data_reg[6] ; one_14[6]       ; clk        ; clk      ; None                        ; None                      ; 39.998 ns               ;
; N/A                                     ; 21.64 MHz ( period = 46.207 ns )                    ; data_reg[4] ; one_13[6]       ; clk        ; clk      ; None                        ; None                      ; 39.853 ns               ;
; N/A                                     ; 21.71 MHz ( period = 46.057 ns )                    ; data_reg[4] ; one_13[3]       ; clk        ; clk      ; None                        ; None                      ; 39.703 ns               ;
; N/A                                     ; 21.90 MHz ( period = 45.664 ns )                    ; data_reg[4] ; one_13[5]       ; clk        ; clk      ; None                        ; None                      ; 39.310 ns               ;
; N/A                                     ; 21.91 MHz ( period = 45.642 ns )                    ; data_reg[4] ; one_13[4]       ; clk        ; clk      ; None                        ; None                      ; 39.288 ns               ;
; N/A                                     ; 22.14 MHz ( period = 45.159 ns )                    ; data_reg[7] ; one_14[1]       ; clk        ; clk      ; None                        ; None                      ; 38.805 ns               ;
; N/A                                     ; 22.16 MHz ( period = 45.134 ns )                    ; data_reg[4] ; dataout[1]~reg0 ; clk        ; clk      ; None                        ; None                      ; 38.780 ns               ;
; N/A                                     ; 22.20 MHz ( period = 45.048 ns )                    ; data_reg[4] ; one_14[4]       ; clk        ; clk      ; None                        ; None                      ; 38.694 ns               ;
; N/A                                     ; 22.20 MHz ( period = 45.046 ns )                    ; data_reg[4] ; one_14[3]       ; clk        ; clk      ; None                        ; None                      ; 38.692 ns               ;
; N/A                                     ; 22.20 MHz ( period = 45.046 ns )                    ; data_reg[4] ; one_14[5]       ; clk        ; clk      ; None                        ; None                      ; 38.692 ns               ;
; N/A                                     ; 22.20 MHz ( period = 45.045 ns )                    ; data_reg[4] ; one_14[0]       ; clk        ; clk      ; None                        ; None                      ; 38.691 ns               ;
; N/A                                     ; 22.34 MHz ( period = 44.765 ns )                    ; data_reg[4] ; one_14[2]       ; clk        ; clk      ; None                        ; None                      ; 38.411 ns               ;
; N/A                                     ; 22.45 MHz ( period = 44.537 ns )                    ; data_reg[4] ; one_13[2]       ; clk        ; clk      ; None                        ; None                      ; 38.183 ns               ;
; N/A                                     ; 22.61 MHz ( period = 44.234 ns )                    ; data_reg[7] ; one_14[6]       ; clk        ; clk      ; None                        ; None                      ; 37.880 ns               ;
; N/A                                     ; 22.66 MHz ( period = 44.138 ns )                    ; data_reg[4] ; one_13[0]       ; clk        ; clk      ; None                        ; None                      ; 37.784 ns               ;
; N/A                                     ; 22.66 MHz ( period = 44.124 ns )                    ; data_reg[4] ; one_13[1]       ; clk        ; clk      ; None                        ; None                      ; 37.770 ns               ;
; N/A                                     ; 23.23 MHz ( period = 43.047 ns )                    ; data_reg[4] ; one_14[1]       ; clk        ; clk      ; None                        ; None                      ; 36.693 ns               ;
; N/A                                     ; 23.64 MHz ( period = 42.308 ns )                    ; data_reg[3] ; dataout[6]~reg0 ; clk        ; clk      ; None                        ; None                      ; 35.954 ns               ;
; N/A                                     ; 23.74 MHz ( period = 42.122 ns )                    ; data_reg[4] ; one_14[6]       ; clk        ; clk      ; None                        ; None                      ; 35.768 ns               ;
; N/A                                     ; 23.78 MHz ( period = 42.045 ns )                    ; data_reg[3] ; dataout[3]~reg0 ; clk        ; clk      ; None                        ; None                      ; 35.691 ns               ;
; N/A                                     ; 23.92 MHz ( period = 41.813 ns )                    ; data_reg[3] ; dataout[5]~reg0 ; clk        ; clk      ; None                        ; None                      ; 35.459 ns               ;
; N/A                                     ; 23.93 MHz ( period = 41.781 ns )                    ; data_reg[3] ; dataout[4]~reg0 ; clk        ; clk      ; None                        ; None                      ; 35.427 ns               ;
; N/A                                     ; 24.29 MHz ( period = 41.176 ns )                    ; data_reg[3] ; one_13[6]       ; clk        ; clk      ; None                        ; None                      ; 34.822 ns               ;
; N/A                                     ; 24.37 MHz ( period = 41.026 ns )                    ; data_reg[3] ; one_13[3]       ; clk        ; clk      ; None                        ; None                      ; 34.672 ns               ;
; N/A                                     ; 24.44 MHz ( period = 40.922 ns )                    ; data_reg[3] ; dataout[2]~reg0 ; clk        ; clk      ; None                        ; None                      ; 34.568 ns               ;
; N/A                                     ; 24.51 MHz ( period = 40.804 ns )                    ; data_reg[3] ; dataout[0]~reg0 ; clk        ; clk      ; None                        ; None                      ; 34.450 ns               ;
; N/A                                     ; 24.61 MHz ( period = 40.633 ns )                    ; data_reg[3] ; one_13[5]       ; clk        ; clk      ; None                        ; None                      ; 34.279 ns               ;
; N/A                                     ; 24.62 MHz ( period = 40.611 ns )                    ; data_reg[3] ; one_13[4]       ; clk        ; clk      ; None                        ; None                      ; 34.257 ns               ;
; N/A                                     ; 24.94 MHz ( period = 40.103 ns )                    ; data_reg[3] ; dataout[1]~reg0 ; clk        ; clk      ; None                        ; None                      ; 33.749 ns               ;
; N/A                                     ; 25.31 MHz ( period = 39.506 ns )                    ; data_reg[3] ; one_13[2]       ; clk        ; clk      ; None                        ; None                      ; 33.152 ns               ;
; N/A                                     ; 25.57 MHz ( period = 39.107 ns )                    ; data_reg[3] ; one_13[0]       ; clk        ; clk      ; None                        ; None                      ; 32.753 ns               ;
; N/A                                     ; 25.58 MHz ( period = 39.093 ns )                    ; data_reg[3] ; one_13[1]       ; clk        ; clk      ; None                        ; None                      ; 32.739 ns               ;
; N/A                                     ; 25.84 MHz ( period = 38.703 ns )                    ; data_reg[3] ; one_14[4]       ; clk        ; clk      ; None                        ; None                      ; 32.349 ns               ;
; N/A                                     ; 25.84 MHz ( period = 38.701 ns )                    ; data_reg[3] ; one_14[3]       ; clk        ; clk      ; None                        ; None                      ; 32.347 ns               ;
; N/A                                     ; 25.84 MHz ( period = 38.701 ns )                    ; data_reg[3] ; one_14[5]       ; clk        ; clk      ; None                        ; None                      ; 32.347 ns               ;
; N/A                                     ; 25.84 MHz ( period = 38.700 ns )                    ; data_reg[3] ; one_14[0]       ; clk        ; clk      ; None                        ; None                      ; 32.346 ns               ;
; N/A                                     ; 26.03 MHz ( period = 38.420 ns )                    ; data_reg[3] ; one_14[2]       ; clk        ; clk      ; None                        ; None                      ; 32.066 ns               ;
; N/A                                     ; 27.25 MHz ( period = 36.702 ns )                    ; data_reg[3] ; one_14[1]       ; clk        ; clk      ; None                        ; None                      ; 30.348 ns               ;
; N/A                                     ; 27.95 MHz ( period = 35.777 ns )                    ; data_reg[3] ; one_14[6]       ; clk        ; clk      ; None                        ; None                      ; 29.423 ns               ;
; N/A                                     ; 28.06 MHz ( period = 35.635 ns )                    ; data_reg[2] ; dataout[6]~reg0 ; clk        ; clk      ; None                        ; None                      ; 29.281 ns               ;
; N/A                                     ; 28.27 MHz ( period = 35.372 ns )                    ; data_reg[2] ; dataout[3]~reg0 ; clk        ; clk      ; None                        ; None                      ; 29.018 ns               ;
; N/A                                     ; 28.46 MHz ( period = 35.140 ns )                    ; data_reg[2] ; dataout[5]~reg0 ; clk        ; clk      ; None                        ; None                      ; 28.786 ns               ;
; N/A                                     ; 28.48 MHz ( period = 35.108 ns )                    ; data_reg[2] ; dataout[4]~reg0 ; clk        ; clk      ; None                        ; None                      ; 28.754 ns               ;
; N/A                                     ; 28.94 MHz ( period = 34.551 ns )                    ; data_reg[2] ; dataout[2]~reg0 ; clk        ; clk      ; None                        ; None                      ; 28.197 ns               ;
; N/A                                     ; 28.98 MHz ( period = 34.503 ns )                    ; data_reg[2] ; one_13[6]       ; clk        ; clk      ; None                        ; None                      ; 28.149 ns               ;
; N/A                                     ; 29.11 MHz ( period = 34.353 ns )                    ; data_reg[2] ; one_13[3]       ; clk        ; clk      ; None                        ; None                      ; 27.999 ns               ;
; N/A                                     ; 29.30 MHz ( period = 34.131 ns )                    ; data_reg[2] ; dataout[0]~reg0 ; clk        ; clk      ; None                        ; None                      ; 27.777 ns               ;
; N/A                                     ; 29.45 MHz ( period = 33.960 ns )                    ; data_reg[2] ; one_13[5]       ; clk        ; clk      ; None                        ; None                      ; 27.606 ns               ;
; N/A                                     ; 29.47 MHz ( period = 33.938 ns )                    ; data_reg[2] ; one_13[4]       ; clk        ; clk      ; None                        ; None                      ; 27.584 ns               ;
; N/A                                     ; 29.91 MHz ( period = 33.430 ns )                    ; data_reg[2] ; dataout[1]~reg0 ; clk        ; clk      ; None                        ; None                      ; 27.076 ns               ;
; N/A                                     ; 30.46 MHz ( period = 32.833 ns )                    ; data_reg[2] ; one_13[2]       ; clk        ; clk      ; None                        ; None                      ; 26.479 ns               ;
; N/A                                     ; 30.78 MHz ( period = 32.488 ns )                    ; data_reg[2] ; one_14[4]       ; clk        ; clk      ; None                        ; None                      ; 26.134 ns               ;
; N/A                                     ; 30.78 MHz ( period = 32.486 ns )                    ; data_reg[2] ; one_14[3]       ; clk        ; clk      ; None                        ; None                      ; 26.132 ns               ;
; N/A                                     ; 30.78 MHz ( period = 32.486 ns )                    ; data_reg[2] ; one_14[5]       ; clk        ; clk      ; None                        ; None                      ; 26.132 ns               ;
; N/A                                     ; 30.78 MHz ( period = 32.485 ns )                    ; data_reg[2] ; one_14[0]       ; clk        ; clk      ; None                        ; None                      ; 26.131 ns               ;
; N/A                                     ; 30.83 MHz ( period = 32.434 ns )                    ; data_reg[2] ; one_13[0]       ; clk        ; clk      ; None                        ; None                      ; 26.080 ns               ;
; N/A                                     ; 30.85 MHz ( period = 32.420 ns )                    ; data_reg[2] ; one_13[1]       ; clk        ; clk      ; None                        ; None                      ; 26.066 ns               ;
; N/A                                     ; 31.05 MHz ( period = 32.205 ns )                    ; data_reg[2] ; one_14[2]       ; clk        ; clk      ; None                        ; None                      ; 25.851 ns               ;
; N/A                                     ; 31.35 MHz ( period = 31.899 ns )                    ; data_reg[1] ; dataout[6]~reg0 ; clk        ; clk      ; None                        ; None                      ; 25.545 ns               ;
; N/A                                     ; 31.80 MHz ( period = 31.446 ns )                    ; data_reg[1] ; dataout[3]~reg0 ; clk        ; clk      ; None                        ; None                      ; 25.092 ns               ;
; N/A                                     ; 32.04 MHz ( period = 31.214 ns )                    ; data_reg[1] ; dataout[5]~reg0 ; clk        ; clk      ; None                        ; None                      ; 24.860 ns               ;
; N/A                                     ; 32.07 MHz ( period = 31.182 ns )                    ; data_reg[1] ; dataout[4]~reg0 ; clk        ; clk      ; None                        ; None                      ; 24.828 ns               ;
; N/A                                     ; 32.50 MHz ( period = 30.767 ns )                    ; data_reg[1] ; one_13[6]       ; clk        ; clk      ; None                        ; None                      ; 24.413 ns               ;
; N/A                                     ; 32.80 MHz ( period = 30.487 ns )                    ; data_reg[2] ; one_14[1]       ; clk        ; clk      ; None                        ; None                      ; 24.133 ns               ;
; N/A                                     ; 32.87 MHz ( period = 30.427 ns )                    ; data_reg[1] ; one_13[3]       ; clk        ; clk      ; None                        ; None                      ; 24.073 ns               ;
; N/A                                     ; 32.98 MHz ( period = 30.323 ns )                    ; data_reg[1] ; dataout[2]~reg0 ; clk        ; clk      ; None                        ; None                      ; 23.969 ns               ;
; N/A                                     ; 33.11 MHz ( period = 30.205 ns )                    ; data_reg[1] ; dataout[0]~reg0 ; clk        ; clk      ; None                        ; None                      ; 23.851 ns               ;
; N/A                                     ; 33.30 MHz ( period = 30.034 ns )                    ; data_reg[1] ; one_13[5]       ; clk        ; clk      ; None                        ; None                      ; 23.680 ns               ;
; N/A                                     ; 33.32 MHz ( period = 30.012 ns )                    ; data_reg[1] ; one_13[4]       ; clk        ; clk      ; None                        ; None                      ; 23.658 ns               ;
; N/A                                     ; 33.83 MHz ( period = 29.562 ns )                    ; data_reg[2] ; one_14[6]       ; clk        ; clk      ; None                        ; None                      ; 23.208 ns               ;
; N/A                                     ; 33.89 MHz ( period = 29.504 ns )                    ; data_reg[1] ; dataout[1]~reg0 ; clk        ; clk      ; None                        ; None                      ; 23.150 ns               ;
; N/A                                     ; 34.59 MHz ( period = 28.907 ns )                    ; data_reg[1] ; one_13[2]       ; clk        ; clk      ; None                        ; None                      ; 22.553 ns               ;
; N/A                                     ; 35.08 MHz ( period = 28.508 ns )                    ; data_reg[1] ; one_13[0]       ; clk        ; clk      ; None                        ; None                      ; 22.154 ns               ;
; N/A                                     ; 35.10 MHz ( period = 28.494 ns )                    ; data_reg[1] ; one_13[1]       ; clk        ; clk      ; None                        ; None                      ; 22.140 ns               ;
; N/A                                     ; 38.23 MHz ( period = 26.155 ns )                    ; data_reg[1] ; one_14[4]       ; clk        ; clk      ; None                        ; None                      ; 19.801 ns               ;
; N/A                                     ; 38.24 MHz ( period = 26.153 ns )                    ; data_reg[1] ; one_14[3]       ; clk        ; clk      ; None                        ; None                      ; 19.799 ns               ;
; N/A                                     ; 38.24 MHz ( period = 26.153 ns )                    ; data_reg[1] ; one_14[5]       ; clk        ; clk      ; None                        ; None                      ; 19.799 ns               ;
; N/A                                     ; 38.24 MHz ( period = 26.152 ns )                    ; data_reg[1] ; one_14[0]       ; clk        ; clk      ; None                        ; None                      ; 19.798 ns               ;
; N/A                                     ; 38.65 MHz ( period = 25.872 ns )                    ; data_reg[1] ; one_14[2]       ; clk        ; clk      ; None                        ; None                      ; 19.518 ns               ;
; N/A                                     ; 41.40 MHz ( period = 24.154 ns )                    ; data_reg[1] ; one_14[1]       ; clk        ; clk      ; None                        ; None                      ; 17.800 ns               ;
; N/A                                     ; 43.05 MHz ( period = 23.229 ns )                    ; data_reg[1] ; one_14[6]       ; clk        ; clk      ; None                        ; None                      ; 16.875 ns               ;
; N/A                                     ; 43.38 MHz ( period = 23.050 ns )                    ; data_reg[0] ; dataout[2]~reg0 ; clk        ; clk      ; None                        ; None                      ; 16.696 ns               ;
; N/A                                     ; 44.73 MHz ( period = 22.354 ns )                    ; data_reg[0] ; dataout[0]~reg0 ; clk        ; clk      ; None                        ; None                      ; 16.000 ns               ;
; N/A                                     ; 45.01 MHz ( period = 22.217 ns )                    ; data_reg[0] ; dataout[4]~reg0 ; clk        ; clk      ; None                        ; None                      ; 15.863 ns               ;
; N/A                                     ; 45.82 MHz ( period = 21.824 ns )                    ; data_reg[0] ; dataout[5]~reg0 ; clk        ; clk      ; None                        ; None                      ; 15.470 ns               ;
; N/A                                     ; 47.16 MHz ( period = 21.206 ns )                    ; data_reg[0] ; dataout[3]~reg0 ; clk        ; clk      ; None                        ; None                      ; 14.852 ns               ;
; N/A                                     ; 47.29 MHz ( period = 21.146 ns )                    ; data_reg[0] ; dataout[6]~reg0 ; clk        ; clk      ; None                        ; None                      ; 14.792 ns               ;
; N/A                                     ; 47.63 MHz ( period = 20.995 ns )                    ; data_reg[0] ; dataout[1]~reg0 ; clk        ; clk      ; None                        ; None                      ; 14.641 ns               ;
; N/A                                     ; 47.65 MHz ( period = 20.987 ns )                    ; data_reg[0] ; one_14[4]       ; clk        ; clk      ; None                        ; None                      ; 14.633 ns               ;
; N/A                                     ; 47.65 MHz ( period = 20.985 ns )                    ; data_reg[0] ; one_14[3]       ; clk        ; clk      ; None                        ; None                      ; 14.631 ns               ;
; N/A                                     ; 47.65 MHz ( period = 20.985 ns )                    ; data_reg[0] ; one_14[5]       ; clk        ; clk      ; None                        ; None                      ; 14.631 ns               ;
; N/A                                     ; 47.66 MHz ( period = 20.984 ns )                    ; data_reg[0] ; one_14[0]       ; clk        ; clk      ; None                        ; None                      ; 14.630 ns               ;
; N/A                                     ; 48.30 MHz ( period = 20.704 ns )                    ; data_reg[0] ; one_14[2]       ; clk        ; clk      ; None                        ; None                      ; 14.350 ns               ;
; N/A                                     ; 50.97 MHz ( period = 19.618 ns )                    ; data_reg[0] ; one_13[3]       ; clk        ; clk      ; None                        ; None                      ; 13.264 ns               ;
; N/A                                     ; 51.81 MHz ( period = 19.301 ns )                    ; data_reg[0] ; one_13[6]       ; clk        ; clk      ; None                        ; None                      ; 12.947 ns               ;
; N/A                                     ; 52.67 MHz ( period = 18.986 ns )                    ; data_reg[0] ; one_14[1]       ; clk        ; clk      ; None                        ; None                      ; 12.632 ns               ;
; N/A                                     ; 53.29 MHz ( period = 18.766 ns )                    ; data_reg[0] ; one_13[5]       ; clk        ; clk      ; None                        ; None                      ; 12.412 ns               ;
; N/A                                     ; 54.36 MHz ( period = 18.395 ns )                    ; data_reg[0] ; one_13[2]       ; clk        ; clk      ; None                        ; None                      ; 12.041 ns               ;
; N/A                                     ; 54.87 MHz ( period = 18.225 ns )                    ; data_reg[0] ; one_13[0]       ; clk        ; clk      ; None                        ; None                      ; 11.871 ns               ;
; N/A                                     ; 54.94 MHz ( period = 18.201 ns )                    ; data_reg[0] ; one_13[1]       ; clk        ; clk      ; None                        ; None                      ; 11.847 ns               ;
; N/A                                     ; 55.37 MHz ( period = 18.061 ns )                    ; data_reg[0] ; one_14[6]       ; clk        ; clk      ; None                        ; None                      ; 11.707 ns               ;
; N/A                                     ; 56.99 MHz ( period = 17.548 ns )                    ; data_reg[0] ; one_13[4]       ; clk        ; clk      ; None                        ; None                      ; 11.194 ns               ;
; N/A                                     ; 82.69 MHz ( period = 12.094 ns )                    ; delay[13]   ; data_reg[0]     ; clk        ; clk      ; None                        ; None                      ; 11.385 ns               ;
; N/A                                     ; 82.69 MHz ( period = 12.094 ns )                    ; delay[13]   ; data_reg[1]     ; clk        ; clk      ; None                        ; None                      ; 11.385 ns               ;
; N/A                                     ; 82.69 MHz ( period = 12.094 ns )                    ; delay[13]   ; data_reg[2]     ; clk        ; clk      ; None                        ; None                      ; 11.385 ns               ;
; N/A                                     ; 82.69 MHz ( period = 12.094 ns )                    ; delay[13]   ; data_reg[4]     ; clk        ; clk      ; None                        ; None                      ; 11.385 ns               ;
; N/A                                     ; 82.83 MHz ( period = 12.073 ns )                    ; delay[4]    ; data_reg[0]     ; clk        ; clk      ; None                        ; None                      ; 11.364 ns               ;
; N/A                                     ; 82.83 MHz ( period = 12.073 ns )                    ; delay[4]    ; data_reg[1]     ; clk        ; clk      ; None                        ; None                      ; 11.364 ns               ;
; N/A                                     ; 82.83 MHz ( period = 12.073 ns )                    ; delay[4]    ; data_reg[2]     ; clk        ; clk      ; None                        ; None                      ; 11.364 ns               ;
; N/A                                     ; 82.83 MHz ( period = 12.073 ns )                    ; delay[4]    ; data_reg[4]     ; clk        ; clk      ; None                        ; None                      ; 11.364 ns               ;
; N/A                                     ; 83.81 MHz ( period = 11.932 ns )                    ; delay[15]   ; data_reg[0]     ; clk        ; clk      ; None                        ; None                      ; 11.223 ns               ;
; N/A                                     ; 83.81 MHz ( period = 11.932 ns )                    ; delay[15]   ; data_reg[1]     ; clk        ; clk      ; None                        ; None                      ; 11.223 ns               ;
; N/A                                     ; 83.81 MHz ( period = 11.932 ns )                    ; delay[15]   ; data_reg[2]     ; clk        ; clk      ; None                        ; None                      ; 11.223 ns               ;
; N/A                                     ; 83.81 MHz ( period = 11.932 ns )                    ; delay[15]   ; data_reg[4]     ; clk        ; clk      ; None                        ; None                      ; 11.223 ns               ;
; N/A                                     ; 84.10 MHz ( period = 11.891 ns )                    ; delay[7]    ; data_reg[0]     ; clk        ; clk      ; None                        ; None                      ; 11.182 ns               ;
; N/A                                     ; 84.10 MHz ( period = 11.891 ns )                    ; delay[7]    ; data_reg[1]     ; clk        ; clk      ; None                        ; None                      ; 11.182 ns               ;
; N/A                                     ; 84.10 MHz ( period = 11.891 ns )                    ; delay[7]    ; data_reg[2]     ; clk        ; clk      ; None                        ; None                      ; 11.182 ns               ;
; N/A                                     ; 84.10 MHz ( period = 11.891 ns )                    ; delay[7]    ; data_reg[4]     ; clk        ; clk      ; None                        ; None                      ; 11.182 ns               ;
; N/A                                     ; 85.04 MHz ( period = 11.759 ns )                    ; delay[14]   ; data_reg[0]     ; clk        ; clk      ; None                        ; None                      ; 11.050 ns               ;
; N/A                                     ; 85.04 MHz ( period = 11.759 ns )                    ; delay[14]   ; data_reg[1]     ; clk        ; clk      ; None                        ; None                      ; 11.050 ns               ;
; N/A                                     ; 85.04 MHz ( period = 11.759 ns )                    ; delay[14]   ; data_reg[2]     ; clk        ; clk      ; None                        ; None                      ; 11.050 ns               ;
; N/A                                     ; 85.04 MHz ( period = 11.759 ns )                    ; delay[14]   ; data_reg[4]     ; clk        ; clk      ; None                        ; None                      ; 11.050 ns               ;
; N/A                                     ; 85.45 MHz ( period = 11.703 ns )                    ; delay[5]    ; data_reg[0]     ; clk        ; clk      ; None                        ; None                      ; 10.994 ns               ;
; N/A                                     ; 85.45 MHz ( period = 11.703 ns )                    ; delay[5]    ; data_reg[1]     ; clk        ; clk      ; None                        ; None                      ; 10.994 ns               ;
; N/A                                     ; 85.45 MHz ( period = 11.703 ns )                    ; delay[5]    ; data_reg[2]     ; clk        ; clk      ; None                        ; None                      ; 10.994 ns               ;
; N/A                                     ; 85.45 MHz ( period = 11.703 ns )                    ; delay[5]    ; data_reg[4]     ; clk        ; clk      ; None                        ; None                      ; 10.994 ns               ;
; N/A                                     ; 87.31 MHz ( period = 11.453 ns )                    ; delay[13]   ; data_reg[6]     ; clk        ; clk      ; None                        ; None                      ; 10.744 ns               ;
; N/A                                     ; 87.31 MHz ( period = 11.453 ns )                    ; delay[13]   ; data_reg[5]     ; clk        ; clk      ; None                        ; None                      ; 10.744 ns               ;
; N/A                                     ; 87.47 MHz ( period = 11.432 ns )                    ; delay[4]    ; data_reg[6]     ; clk        ; clk      ; None                        ; None                      ; 10.723 ns               ;
; N/A                                     ; 87.47 MHz ( period = 11.432 ns )                    ; delay[4]    ; data_reg[5]     ; clk        ; clk      ; None                        ; None                      ; 10.723 ns               ;
; N/A                                     ; 87.80 MHz ( period = 11.390 ns )                    ; delay[13]   ; data_reg[7]     ; clk        ; clk      ; None                        ; None                      ; 10.681 ns               ;
; N/A                                     ; 87.84 MHz ( period = 11.384 ns )                    ; delay[12]   ; data_reg[0]     ; clk        ; clk      ; None                        ; None                      ; 10.675 ns               ;
; N/A                                     ; 87.84 MHz ( period = 11.384 ns )                    ; delay[12]   ; data_reg[1]     ; clk        ; clk      ; None                        ; None                      ; 10.675 ns               ;
; N/A                                     ; 87.84 MHz ( period = 11.384 ns )                    ; delay[12]   ; data_reg[2]     ; clk        ; clk      ; None                        ; None                      ; 10.675 ns               ;
; Timing analysis restricted to 200 rows. ; To change the limit use Settings (Assignments menu) ;             ;                 ;            ;          ;                             ;                           ;                         ;
+-----------------------------------------+-----------------------------------------------------+-------------+-----------------+------------+----------+-----------------------------+---------------------------+-------------------------+


+-------------------------------------------------------------------------------+
; tsu                                                                           ;
+-------+--------------+------------+----------+---------------------+----------+
; Slack ; Required tsu ; Actual tsu ; From     ; To                  ; To Clock ;
+-------+--------------+------------+----------+---------------------+----------+
; N/A   ; None         ; 3.864 ns   ; rst      ; cnt_scan[7]         ; clk      ;
; N/A   ; None         ; 3.864 ns   ; rst      ; cnt_scan[2]         ; clk      ;
; N/A   ; None         ; 3.864 ns   ; rst      ; cnt_scan[6]         ; clk      ;
; N/A   ; None         ; 3.864 ns   ; rst      ; cnt_scan[5]         ; clk      ;
; N/A   ; None         ; 3.864 ns   ; rst      ; cnt_scan[4]         ; clk      ;
; N/A   ; None         ; 3.864 ns   ; rst      ; cnt_scan[3]         ; clk      ;
; N/A   ; None         ; 3.864 ns   ; rst      ; cnt_scan[1]         ; clk      ;
; N/A   ; None         ; 3.864 ns   ; rst      ; cnt_scan[0]         ; clk      ;
; N/A   ; None         ; 3.295 ns   ; rst      ; cnt_scan[15]        ; clk      ;
; N/A   ; None         ; 3.295 ns   ; rst      ; cnt_scan[13]        ; clk      ;
; N/A   ; None         ; 3.295 ns   ; rst      ; cnt_scan[14]        ; clk      ;
; N/A   ; None         ; 3.295 ns   ; rst      ; cnt_scan[12]        ; clk      ;
; N/A   ; None         ; 3.295 ns   ; rst      ; cnt_scan[11]        ; clk      ;
; N/A   ; None         ; 3.295 ns   ; rst      ; cnt_scan[10]        ; clk      ;
; N/A   ; None         ; 3.295 ns   ; rst      ; cnt_scan[9]         ; clk      ;
; N/A   ; None         ; 3.295 ns   ; rst      ; cnt_scan[8]         ; clk      ;
; N/A   ; None         ; 0.097 ns   ; intr_n   ; anext_state.10_1841 ; rst      ;
; N/A   ; None         ; -0.692 ns  ; intr_n   ; anext_state.11_1835 ; rst      ;
; N/A   ; None         ; -0.970 ns  ; adata[3] ; data_reg[3]         ; clk      ;
; N/A   ; None         ; -2.306 ns  ; adata[0] ; data_reg[0]         ; clk      ;
; N/A   ; None         ; -2.407 ns  ; adata[2] ; data_reg[2]         ; clk      ;
; N/A   ; None         ; -2.416 ns  ; adata[1] ; data_reg[1]         ; clk      ;
; N/A   ; None         ; -2.511 ns  ; adata[4] ; data_reg[4]         ; clk      ;
; N/A   ; None         ; -2.608 ns  ; adata[5] ; data_reg[5]         ; clk      ;
; N/A   ; None         ; -3.339 ns  ; adata[7] ; data_reg[7]         ; clk      ;
; N/A   ; None         ; -4.081 ns  ; adata[6] ; data_reg[6]         ; clk      ;
+-------+--------------+------------+----------+---------------------+----------+


+-------------------------------------------------------------------------------+
; tco                                                                           ;
+-------+--------------+------------+-----------------+------------+------------+
; Slack ; Required tco ; Actual tco ; From            ; To         ; From Clock ;
+-------+--------------+------------+-----------------+------------+------------+
; N/A   ; None         ; 13.331 ns  ; wr_n$latch      ; wr_n       ; rst        ;
; N/A   ; None         ; 12.126 ns  ; rd_n$latch      ; rd_n       ; rst        ;
; N/A   ; None         ; 11.581 ns  ; cs_n$latch      ; cs_n       ; rst        ;
; N/A   ; None         ; 9.924 ns   ; dataout[3]~reg0 ; dataout[3] ; clk        ;
; N/A   ; None         ; 9.830 ns   ; dataout[5]~reg0 ; dataout[5] ; clk        ;
; N/A   ; None         ; 9.790 ns   ; dataout[0]~reg0 ; dataout[0] ; clk        ;
; N/A   ; None         ; 9.785 ns   ; dataout[1]~reg0 ; dataout[1] ; clk        ;
; N/A   ; None         ; 9.731 ns   ; dataout[4]~reg0 ; dataout[4] ; clk        ;
; N/A   ; None         ; 9.289 ns   ; dataout[2]~reg0 ; dataout[2] ; clk        ;
; N/A   ; None         ; 9.236 ns   ; dataout[6]~reg0 ; dataout[6] ; clk        ;
; N/A   ; None         ; 9.229 ns   ; dataout[7]~reg0 ; dataout[7] ; clk        ;
; N/A   ; None         ; 9.120 ns   ; en_s[7]~reg0    ; en_s[7]    ; clk        ;
; N/A   ; None         ; 8.651 ns   ; en_s[3]~reg0    ; en_s[3]    ; clk        ;
; N/A   ; None         ; 8.642 ns   ; en_s[2]~reg0    ; en_s[2]    ; clk        ;
; N/A   ; None         ; 8.624 ns   ; en_s[4]~reg0    ; en_s[4]    ; clk        ;
; N/A   ; None         ; 8.493 ns   ; en_s[5]~reg0    ; en_s[5]    ; clk        ;
; N/A   ; None         ; 8.467 ns   ; en_s[6]~reg0    ; en_s[6]    ; clk        ;
; N/A   ; None         ; 7.291 ns   ; en_s[1]~reg0    ; en_s[1]    ; clk        ;
; N/A   ; None         ; 7.285 ns   ; en_s[0]~reg0    ; en_s[0]    ; clk        ;
+-------+--------------+------------+-----------------+------------+------------+


+-------------------------------------------------------------------------------------+
; th                                                                                  ;
+---------------+-------------+-----------+----------+---------------------+----------+
; Minimum Slack ; Required th ; Actual th ; From     ; To                  ; To Clock ;
+---------------+-------------+-----------+----------+---------------------+----------+
; N/A           ; None        ; 4.635 ns  ; adata[6] ; data_reg[6]         ; clk      ;
; N/A           ; None        ; 3.893 ns  ; adata[7] ; data_reg[7]         ; clk      ;
; N/A           ; None        ; 3.162 ns  ; adata[5] ; data_reg[5]         ; clk      ;
; N/A           ; None        ; 3.065 ns  ; adata[4] ; data_reg[4]         ; clk      ;
; N/A           ; None        ; 2.970 ns  ; adata[1] ; data_reg[1]         ; clk      ;
; N/A           ; None        ; 2.961 ns  ; adata[2] ; data_reg[2]         ; clk      ;
; N/A           ; None        ; 2.860 ns  ; adata[0] ; data_reg[0]         ; clk      ;
; N/A           ; None        ; 2.340 ns  ; intr_n   ; anext_state.11_1835 ; rst      ;
; N/A           ; None        ; 1.927 ns  ; intr_n   ; anext_state.10_1841 ; rst      ;
; N/A           ; None        ; 1.524 ns  ; adata[3] ; data_reg[3]         ; clk      ;
; N/A           ; None        ; -2.741 ns ; rst      ; cnt_scan[15]        ; clk      ;
; N/A           ; None        ; -2.741 ns ; rst      ; cnt_scan[13]        ; clk      ;
; N/A           ; None        ; -2.741 ns ; rst      ; cnt_scan[14]        ; clk      ;
; N/A           ; None        ; -2.741 ns ; rst      ; cnt_scan[12]        ; clk      ;
; N/A           ; None        ; -2.741 ns ; rst      ; cnt_scan[11]        ; clk      ;
; N/A           ; None        ; -2.741 ns ; rst      ; cnt_scan[10]        ; clk      ;
; N/A           ; None        ; -2.741 ns ; rst      ; cnt_scan[9]         ; clk      ;
; N/A           ; None        ; -2.741 ns ; rst      ; cnt_scan[8]         ; clk      ;
; N/A           ; None        ; -3.310 ns ; rst      ; cnt_scan[7]         ; clk      ;
; N/A           ; None        ; -3.310 ns ; rst      ; cnt_scan[2]         ; clk      ;
; N/A           ; None        ; -3.310 ns ; rst      ; cnt_scan[6]         ; clk      ;
; N/A           ; None        ; -3.310 ns ; rst      ; cnt_scan[5]         ; clk      ;
; N/A           ; None        ; -3.310 ns ; rst      ; cnt_scan[4]         ; clk      ;
; N/A           ; None        ; -3.310 ns ; rst      ; cnt_scan[3]         ; clk      ;
; N/A           ; None        ; -3.310 ns ; rst      ; cnt_scan[1]         ; clk      ;
; N/A           ; None        ; -3.310 ns ; rst      ; cnt_scan[0]         ; clk      ;
+---------------+-------------+-----------+----------+---------------------+----------+


+--------------------------+
; Timing Analyzer Messages ;
+--------------------------+
Info: *******************************************************************
Info: Running Quartus II Classic Timing Analyzer
    Info: Version 9.0 Build 235 06/17/2009 Service Pack 2 SJ Web Edition
    Info: Processing started: Wed Feb 01 09:59:17 2023
Info: Command: quartus_tan --read_settings_files=off --write_settings_files=off exam4 -c exam4
Info: Parallel compilation is enabled and will use 4 of the 8 processors detected
Info: Started post-fitting delay annotation
Info: Delay annotation completed successfully
Warning: Timing Analysis is analyzing one or more combinational loops as latches
    Warning: Node "anext_state.11_1835" is a latch
    Warning: Node "anext_state.01_1847" is a latch
    Warning: Node "anext_state.00_1853" is a latch
    Warning: Node "anext_state.10_1841" is a latch
    Warning: Node "cs_n$latch" is a latch
    Warning: Node "rd_n$latch" is a latch
    Warning: Node "wr_n$latch" is a latch
Warning: Found pins functioning as undefined clocks and/or memory enables
    Info: Assuming node "clk" is an undefined clock
    Info: Assuming node "rst" is a latch enable and/or memory write/read enable. Will not compute fmax for this pin.
Warning: Found 1 node(s) in clock paths which may be acting as ripple and/or gated clocks -- node(s) analyzed as buffer(s) resulting in clock skew
    Info: Detected ripple clock "lcd_clk" as buffer
Info: Clock "clk" has Internal fmax of 18.83 MHz between source register "data_reg[5]" and destination register "dataout[6]~reg0" (period= 53.099 ns)
    Info: + Longest register to register delay is 46.745 ns
        Info: 1: + IC(0.000 ns) + CELL(0.000 ns) = 0.000 ns; Loc. = LC_X13_Y2_N0; Fanout = 15; REG Node = 'data_reg[5]'
        Info: 2: + IC(0.914 ns) + CELL(0.747 ns) = 1.661 ns; Loc. = LC_X13_Y2_N2; Fanout = 1; COMB Node = 'lpm_divide:Div1|lpm_divide_seo:auto_generated|abs_divider_gbg:divider|alt_u_div_5le:divider|add_sub_i7c:add_sub_4|add_sub_cella[1]~COUT'
        Info: 3: + IC(0.000 ns) + CELL(0.815 ns) = 2.476 ns; Loc. = LC_X13_Y2_N3; Fanout = 2; COMB Node = 'lpm_divide:Div1|lpm_divide_seo:auto_generated|abs_divider_gbg:divider|alt_u_div_5le:divider|add_sub_i7c:add_sub_4|add_sub_cella[2]~22'
        Info: 4: + IC(0.694 ns) + CELL(0.978 ns) = 4.148 ns; Loc. = LC_X13_Y2_N5; Fanout = 2; COMB Node = 'lpm_divide:Div1|lpm_divide_seo:auto_generated|abs_divider_gbg:divider|alt_u_div_5le:divider|add_sub_i7c:add_sub_4|add_sub_cella[2]~19'
        Info: 5: + IC(0.000 ns) + CELL(0.123 ns) = 4.271 ns; Loc. = LC_X13_Y2_N6; Fanout = 2; COMB Node = 'lpm_divide:Div1|lpm_divide_seo:auto_generated|abs_divider_gbg:divider|alt_u_div_5le:divider|add_sub_i7c:add_sub_4|add_sub_cella[2]~13'
        Info: 6: + IC(0.000 ns) + CELL(0.123 ns) = 4.394 ns; Loc. = LC_X13_Y2_N7; Fanout = 2; COMB Node = 'lpm_divide:Div1|lpm_divide_seo:auto_generated|abs_divider_gbg:divider|alt_u_div_5le:divider|add_sub_i7c:add_sub_4|add_sub_cella[2]~17'
        Info: 7: + IC(0.000 ns) + CELL(0.123 ns) = 4.517 ns; Loc. = LC_X13_Y2_N8; Fanout = 1; COMB Node = 'lpm_divide:Div1|lpm_divide_seo:auto_generated|abs_divider_gbg:divider|alt_u_div_5le:divider|add_sub_i7c:add_sub_4|add_sub_cella[2]~15'
        Info: 8: + IC(0.000 ns) + CELL(0.815 ns) = 5.332 ns; Loc. = LC_X13_Y2_N9; Fanout = 16; COMB Node = 'lpm_divide:Div1|lpm_divide_seo:auto_generated|abs_divider_gbg:divider|alt_u_div_5le:divider|add_sub_i7c:add_sub_4|add_sub_cella[2]~10'
        Info: 9: + IC(2.556 ns) + CELL(0.200 ns) = 8.088 ns; Loc. = LC_X14_Y5_N5; Fanout = 2; COMB Node = 'lpm_divide:Div1|lpm_divide_seo:auto_generated|abs_divider_gbg:divider|alt_u_div_5le:divider|StageOut[27]~62'
        Info: 10: + IC(2.670 ns) + CELL(1.077 ns) = 11.835 ns; Loc. = LC_X12_Y2_N4; Fanout = 1; COMB Node = 'lpm_divide:Div1|lpm_divide_seo:auto_generated|abs_divider_gbg:divider|alt_u_div_5le:divider|add_sub_j7c:add_sub_5|add_sub_cella[2]~21'
        Info: 11: + IC(0.000 ns) + CELL(0.975 ns) = 12.810 ns; Loc. = LC_X12_Y2_N6; Fanout = 16; COMB Node = 'lpm_divide:Div1|lpm_divide_seo:auto_generated|abs_divider_gbg:divider|alt_u_div_5le:divider|add_sub_j7c:add_sub_5|add_sub_cella[2]~12'
        Info: 12: + IC(2.239 ns) + CELL(0.200 ns) = 15.249 ns; Loc. = LC_X12_Y5_N6; Fanout = 4; COMB Node = 'lpm_divide:Div1|lpm_divide_seo:auto_generated|abs_divider_gbg:divider|alt_u_div_5le:divider|StageOut[32]~123'
        Info: 13: + IC(1.966 ns) + CELL(0.978 ns) = 18.193 ns; Loc. = LC_X11_Y4_N3; Fanout = 2; COMB Node = 'lpm_divide:Div1|lpm_divide_seo:auto_generated|abs_divider_gbg:divider|alt_u_div_5le:divider|add_sub_j7c:add_sub_6|add_sub_cella[2]~19'
        Info: 14: + IC(0.000 ns) + CELL(0.261 ns) = 18.454 ns; Loc. = LC_X11_Y4_N4; Fanout = 1; COMB Node = 'lpm_divide:Div1|lpm_divide_seo:auto_generated|abs_divider_gbg:divider|alt_u_div_5le:divider|add_sub_j7c:add_sub_6|add_sub_cella[2]~21'
        Info: 15: + IC(0.000 ns) + CELL(0.975 ns) = 19.429 ns; Loc. = LC_X11_Y4_N6; Fanout = 17; COMB Node = 'lpm_divide:Div1|lpm_divide_seo:auto_generated|abs_divider_gbg:divider|alt_u_div_5le:divider|add_sub_j7c:add_sub_6|add_sub_cella[2]~12'
        Info: 16: + IC(2.103 ns) + CELL(0.511 ns) = 22.043 ns; Loc. = LC_X11_Y5_N0; Fanout = 2; COMB Node = 'lpm_divide:Div1|lpm_divide_seo:auto_generated|abs_divider_gbg:divider|alt_u_div_5le:divider|StageOut[39]~44'
        Info: 17: + IC(1.751 ns) + CELL(1.077 ns) = 24.871 ns; Loc. = LC_X11_Y5_N4; Fanout = 1; COMB Node = 'lpm_divide:Div1|lpm_divide_seo:auto_generated|abs_divider_gbg:divider|alt_u_div_5le:divider|add_sub_j7c:add_sub_7|add_sub_cella[2]~19'
        Info: 18: + IC(0.000 ns) + CELL(0.975 ns) = 25.846 ns; Loc. = LC_X11_Y5_N6; Fanout = 15; COMB Node = 'lpm_divide:Div1|lpm_divide_seo:auto_generated|abs_divider_gbg:divider|alt_u_div_5le:divider|add_sub_j7c:add_sub_7|add_sub_cella[2]~12'
        Info: 19: + IC(1.210 ns) + CELL(0.747 ns) = 27.803 ns; Loc. = LC_X11_Y5_N7; Fanout = 1; COMB Node = 'lpm_divide:Mod1|lpm_divide_v6o:auto_generated|abs_divider_gbg:divider|alt_u_div_5le:divider|add_sub_j7c:add_sub_8|add_sub_cella[1]~COUT'
        Info: 20: + IC(0.000 ns) + CELL(0.815 ns) = 28.618 ns; Loc. = LC_X11_Y5_N8; Fanout = 2; COMB Node = 'lpm_divide:Mod1|lpm_divide_v6o:auto_generated|abs_divider_gbg:divider|alt_u_div_5le:divider|add_sub_j7c:add_sub_8|add_sub_cella[2]~24'
        Info: 21: + IC(1.761 ns) + CELL(0.747 ns) = 31.126 ns; Loc. = LC_X7_Y5_N5; Fanout = 2; COMB Node = 'lpm_divide:Mod1|lpm_divide_v6o:auto_generated|abs_divider_gbg:divider|alt_u_div_5le:divider|add_sub_j7c:add_sub_8|add_sub_cella[2]~21'
        Info: 22: + IC(0.000 ns) + CELL(0.123 ns) = 31.249 ns; Loc. = LC_X7_Y5_N6; Fanout = 2; COMB Node = 'lpm_divide:Mod1|lpm_divide_v6o:auto_generated|abs_divider_gbg:divider|alt_u_div_5le:divider|add_sub_j7c:add_sub_8|add_sub_cella[2]~15'
        Info: 23: + IC(0.000 ns) + CELL(0.123 ns) = 31.372 ns; Loc. = LC_X7_Y5_N7; Fanout = 2; COMB Node = 'lpm_divide:Mod1|lpm_divide_v6o:auto_generated|abs_divider_gbg:divider|alt_u_div_5le:divider|add_sub_j7c:add_sub_8|add_sub_cella[2]~17'
        Info: 24: + IC(0.000 ns) + CELL(0.123 ns) = 31.495 ns; Loc. = LC_X7_Y5_N8; Fanout = 1; COMB Node = 'lpm_divide:Mod1|lpm_divide_v6o:auto_generated|abs_divider_gbg:divider|alt_u_div_5le:divider|add_sub_j7c:add_sub_8|add_sub_cella[2]~19'
        Info: 25: + IC(0.000 ns) + CELL(0.815 ns) = 32.310 ns; Loc. = LC_X7_Y5_N9; Fanout = 8; COMB Node = 'lpm_divide:Mod1|lpm_divide_v6o:auto_generated|abs_divider_gbg:divider|alt_u_div_5le:divider|add_sub_j7c:add_sub_8|add_sub_cella[2]~12'
        Info: 26: + IC(2.543 ns) + CELL(0.511 ns) = 35.364 ns; Loc. = LC_X6_Y7_N0; Fanout = 2; COMB Node = 'lpm_divide:Mod1|lpm_divide_v6o:auto_generated|abs_divider_gbg:divider|alt_u_div_5le:divider|StageOut[52]~19'
        Info: 27: + IC(1.845 ns) + CELL(0.747 ns) = 37.956 ns; Loc. = LC_X6_Y9_N5; Fanout = 1; COMB Node = 'lpm_divide:Mod1|lpm_divide_v6o:auto_generated|abs_divider_gbg:divider|alt_u_div_5le:divider|add_sub_j7c:add_sub_9|add_sub_cella[2]~21'
        Info: 28: + IC(0.000 ns) + CELL(0.815 ns) = 38.771 ns; Loc. = LC_X6_Y9_N6; Fanout = 5; COMB Node = 'lpm_divide:Mod1|lpm_divide_v6o:auto_generated|abs_divider_gbg:divider|alt_u_div_5le:divider|add_sub_j7c:add_sub_9|add_sub_cella[2]~12'
        Info: 29: + IC(0.772 ns) + CELL(0.511 ns) = 40.054 ns; Loc. = LC_X6_Y9_N0; Fanout = 17; COMB Node = 'lpm_divide:Mod1|lpm_divide_v6o:auto_generated|abs_divider_gbg:divider|alt_u_div_5le:divider|StageOut[57]~122'
        Info: 30: + IC(1.854 ns) + CELL(0.200 ns) = 42.108 ns; Loc. = LC_X7_Y8_N3; Fanout = 3; COMB Node = 'Selector34~0'
        Info: 31: + IC(2.322 ns) + CELL(0.914 ns) = 45.344 ns; Loc. = LC_X5_Y9_N2; Fanout = 1; COMB Node = 'Selector31~2'
        Info: 32: + IC(0.305 ns) + CELL(0.200 ns) = 45.849 ns; Loc. = LC_X5_Y9_N3; Fanout = 1; COMB Node = 'Selector46~4'
        Info: 33: + IC(0.305 ns) + CELL(0.591 ns) = 46.745 ns; Loc. = LC_X5_Y9_N4; Fanout = 1; REG Node = 'dataout[6]~reg0'
        Info: Total cell delay = 18.935 ns ( 40.51 % )
        Info: Total interconnect delay = 27.810 ns ( 59.49 % )
    Info: - Smallest clock skew is -5.645 ns
        Info: + Shortest clock path from clock "clk" to destination register is 3.819 ns
            Info: 1: + IC(0.000 ns) + CELL(1.163 ns) = 1.163 ns; Loc. = PIN_18; Fanout = 79; CLK Node = 'clk'
            Info: 2: + IC(1.738 ns) + CELL(0.918 ns) = 3.819 ns; Loc. = LC_X5_Y9_N4; Fanout = 1; REG Node = 'dataout[6]~reg0'
            Info: Total cell delay = 2.081 ns ( 54.49 % )
            Info: Total interconnect delay = 1.738 ns ( 45.51 % )
        Info: - Longest clock path from clock "clk" to source register is 9.464 ns
            Info: 1: + IC(0.000 ns) + CELL(1.163 ns) = 1.163 ns; Loc. = PIN_18; Fanout = 79; CLK Node = 'clk'
            Info: 2: + IC(1.738 ns) + CELL(1.294 ns) = 4.195 ns; Loc. = LC_X10_Y4_N9; Fanout = 29; REG Node = 'lcd_clk'
            Info: 3: + IC(4.351 ns) + CELL(0.918 ns) = 9.464 ns; Loc. = LC_X13_Y2_N0; Fanout = 15; REG Node = 'data_reg[5]'
            Info: Total cell delay = 3.375 ns ( 35.66 % )
            Info: Total interconnect delay = 6.089 ns ( 64.34 % )
    Info: + Micro clock to output delay of source is 0.376 ns
    Info: + Micro setup delay of destination is 0.333 ns
Info: tsu for register "cnt_scan[7]" (data pin = "rst", clock pin = "clk") is 3.864 ns
    Info: + Longest pin to register delay is 7.350 ns
        Info: 1: + IC(0.000 ns) + CELL(1.132 ns) = 1.132 ns; Loc. = PIN_143; Fanout = 51; CLK Node = 'rst'
        Info: 2: + IC(4.458 ns) + CELL(1.760 ns) = 7.350 ns; Loc. = LC_X2_Y10_N9; Fanout = 2; REG Node = 'cnt_scan[7]'
        Info: Total cell delay = 2.892 ns ( 39.35 % )
        Info: Total interconnect delay = 4.458 ns ( 60.65 % )
    Info: + Micro setup delay of destination is 0.333 ns
    Info: - Shortest clock path from clock "clk" to destination register is 3.819 ns
        Info: 1: + IC(0.000 ns) + CELL(1.163 ns) = 1.163 ns; Loc. = PIN_18; Fanout = 79; CLK Node = 'clk'
        Info: 2: + IC(1.738 ns) + CELL(0.918 ns) = 3.819 ns; Loc. = LC_X2_Y10_N9; Fanout = 2; REG Node = 'cnt_scan[7]'
        Info: Total cell delay = 2.081 ns ( 54.49 % )
        Info: Total interconnect delay = 1.738 ns ( 45.51 % )
Info: tco from clock "rst" to destination pin "wr_n" through register "wr_n$latch" is 13.331 ns
    Info: + Longest clock path from clock "rst" to source register is 9.198 ns
        Info: 1: + IC(0.000 ns) + CELL(1.132 ns) = 1.132 ns; Loc. = PIN_143; Fanout = 51; CLK Node = 'rst'
        Info: 2: + IC(7.326 ns) + CELL(0.740 ns) = 9.198 ns; Loc. = LC_X1_Y9_N8; Fanout = 1; REG Node = 'wr_n$latch'
        Info: Total cell delay = 1.872 ns ( 20.35 % )
        Info: Total interconnect delay = 7.326 ns ( 79.65 % )
    Info: + Micro clock to output delay of source is 0.000 ns
    Info: + Longest register to pin delay is 4.133 ns
        Info: 1: + IC(0.000 ns) + CELL(0.000 ns) = 0.000 ns; Loc. = LC_X1_Y9_N8; Fanout = 1; REG Node = 'wr_n$latch'
        Info: 2: + IC(1.811 ns) + CELL(2.322 ns) = 4.133 ns; Loc. = PIN_3; Fanout = 0; PIN Node = 'wr_n'
        Info: Total cell delay = 2.322 ns ( 56.18 % )
        Info: Total interconnect delay = 1.811 ns ( 43.82 % )
Info: th for register "data_reg[6]" (data pin = "adata[6]", clock pin = "clk") is 4.635 ns
    Info: + Longest clock path from clock "clk" to destination register is 9.464 ns
        Info: 1: + IC(0.000 ns) + CELL(1.163 ns) = 1.163 ns; Loc. = PIN_18; Fanout = 79; CLK Node = 'clk'
        Info: 2: + IC(1.738 ns) + CELL(1.294 ns) = 4.195 ns; Loc. = LC_X10_Y4_N9; Fanout = 29; REG Node = 'lcd_clk'
        Info: 3: + IC(4.351 ns) + CELL(0.918 ns) = 9.464 ns; Loc. = LC_X13_Y2_N4; Fanout = 14; REG Node = 'data_reg[6]'
        Info: Total cell delay = 3.375 ns ( 35.66 % )
        Info: Total interconnect delay = 6.089 ns ( 64.34 % )
    Info: + Micro hold delay of destination is 0.221 ns
    Info: - Shortest pin to register delay is 5.050 ns
        Info: 1: + IC(0.000 ns) + CELL(1.132 ns) = 1.132 ns; Loc. = PIN_76; Fanout = 1; PIN Node = 'adata[6]'
        Info: 2: + IC(3.638 ns) + CELL(0.280 ns) = 5.050 ns; Loc. = LC_X13_Y2_N4; Fanout = 14; REG Node = 'data_reg[6]'
        Info: Total cell delay = 1.412 ns ( 27.96 % )
        Info: Total interconnect delay = 3.638 ns ( 72.04 % )
Info: Quartus II Classic Timing Analyzer was successful. 0 errors, 10 warnings
    Info: Peak virtual memory: 191 megabytes
    Info: Processing ended: Wed Feb 01 09:59:17 2023
    Info: Elapsed time: 00:00:00
    Info: Total CPU time (on all processors): 00:00:00


